#
# There is insufficient memory for the Java Runtime Environment to continue.
# Native memory allocation (malloc) failed to allocate 1157296 bytes. Error detail: Chunk::new
# Possible reasons:
#   The system is out of physical RAM or swap space
#   This process is running with CompressedOops enabled, and the Java Heap may be blocking the growth of the native heap
# Possible solutions:
#   Reduce memory load on the system
#   Increase physical memory or swap space
#   Check if swap backing store is full
#   Decrease Java heap size (-Xmx/-Xms)
#   Decrease number of Java threads
#   Decrease Java thread stack sizes (-Xss)
#   Set larger code cache with -XX:ReservedCodeCacheSize=
#   JVM is running with Unscaled Compressed Oops mode in which the Java heap is
#     placed in the first 4GB address space. The Java Heap base address is the
#     maximum limit for the native heap growth. Please use -XX:HeapBaseMinAddress
#     to set the Java Heap base and to place the Java Heap above 4GB virtual address.
# This output file may be truncated or incomplete.
#
#  Out of Memory Error (arena.cpp:168), pid=10416, tid=5712
#
# JRE version: OpenJDK Runtime Environment (21.0.5) (build 21.0.5+-12932927-b750.29)
# Java VM: OpenJDK 64-Bit Server VM (21.0.5+-12932927-b750.29, mixed mode, tiered, compressed oops, compressed class ptrs, g1 gc, windows-amd64)
# No core dump will be written. Minidumps are not enabled by default on client versions of Windows
#

---------------  S U M M A R Y ------------

Command Line: --add-opens=java.base/java.lang=ALL-UNNAMED --add-opens=java.base/java.lang.invoke=ALL-UNNAMED --add-opens=java.base/java.util=ALL-UNNAMED --add-opens=java.prefs/java.util.prefs=ALL-UNNAMED --add-exports=jdk.compiler/com.sun.tools.javac.api=ALL-UNNAMED --add-exports=jdk.compiler/com.sun.tools.javac.util=ALL-UNNAMED --add-opens=java.base/java.util=ALL-UNNAMED --add-opens=java.prefs/java.util.prefs=ALL-UNNAMED --add-opens=java.base/java.nio.charset=ALL-UNNAMED --add-opens=java.base/java.net=ALL-UNNAMED --add-opens=java.base/java.util.concurrent.atomic=ALL-UNNAMED --add-opens=java.xml/javax.xml.namespace=ALL-UNNAMED -Xmx2048m -Dfile.encoding=UTF-8 -Duser.country=US -Duser.language=en -Duser.variant -javaagent:C:\Users\ASCOM\OneDrive\Desktop\Smartphone Apps\Exercise 1 Hello World\wrapper\dists\gradle-8.11.1-bin\bpt9gzteqjrbo1mjrsomdt32c\gradle-8.11.1\lib\agents\gradle-instrumentation-agent-8.11.1.jar org.gradle.launcher.daemon.bootstrap.GradleDaemon 8.11.1

Host: 11th Gen Intel(R) Core(TM) i5-11400H @ 2.70GHz, 12 cores, 7G,  Windows 11 , 64 bit Build 26100 (10.0.26100.3912)
Time: Tue May 13 18:05:29 2025 Arabian Standard Time elapsed time: 8.815528 seconds (0d 0h 0m 8s)

---------------  T H R E A D  ---------------

Current thread (0x00000293394281a0):  JavaThread "C2 CompilerThread2" daemon [_thread_in_native, id=5712, stack(0x000000c2b0000000,0x000000c2b0100000) (1024K)]


Current CompileTask:
C2:8815 4234       4       jdk.internal.jimage.ImageLocation::getFullName (109 bytes)

Stack: [0x000000c2b0000000,0x000000c2b0100000]
Native frames: (J=compiled Java code, j=interpreted, Vv=VM code, C=native code)
V  [jvm.dll+0x6cfb29]
V  [jvm.dll+0x85ded3]
V  [jvm.dll+0x86042e]
V  [jvm.dll+0x860b13]
V  [jvm.dll+0x27e6b6]
V  [jvm.dll+0xbff6d]
V  [jvm.dll+0xc04a3]
V  [jvm.dll+0x3b5fc1]
V  [jvm.dll+0x381f97]
V  [jvm.dll+0x38140a]
V  [jvm.dll+0x247c62]
V  [jvm.dll+0x247231]
V  [jvm.dll+0x1c5ee4]
V  [jvm.dll+0x25697c]
V  [jvm.dll+0x254ec6]
V  [jvm.dll+0x3f0ce6]
V  [jvm.dll+0x806368]
V  [jvm.dll+0x6ce3fd]
C  [ucrtbase.dll+0x37b0]
C  [KERNEL32.DLL+0x2e8d7]
C  [ntdll.dll+0x9c5dc]


---------------  P R O C E S S  ---------------

Threads class SMR info:
_java_thread_list=0x0000029341e5a440, length=34, elements={
0x0000029321136d50, 0x000002933965b1d0, 0x000002933965c5a0, 0x000002933965fe10,
0x0000029339660470, 0x00000293396498f0, 0x00000293396722d0, 0x00000293396abb10,
0x00000293396ac1b0, 0x000002933978bce0, 0x00000293399899d0, 0x000002933fc657b0,
0x000002933fd78030, 0x0000029340030810, 0x000002933e6b66a0, 0x000002933f699930,
0x000002933eeec810, 0x000002933f291630, 0x000002933fc8a360, 0x000002933fbb5590,
0x000002933fbb4f00, 0x000002933fbb7cf0, 0x000002933fbb4870, 0x000002933fbb6fd0,
0x000002933fbb62b0, 0x000002933fbb7660, 0x000002933fbb6940, 0x000002933e524330,
0x000002933e525d70, 0x000002933e5249c0, 0x000002933e525050, 0x000002933e5256e0,
0x0000029340c25940, 0x00000293394281a0
}

Java Threads: ( => current thread )
  0x0000029321136d50 JavaThread "main"                              [_thread_blocked, id=31276, stack(0x000000c2acd00000,0x000000c2ace00000) (1024K)]
  0x000002933965b1d0 JavaThread "Reference Handler"          daemon [_thread_blocked, id=3408, stack(0x000000c2ad500000,0x000000c2ad600000) (1024K)]
  0x000002933965c5a0 JavaThread "Finalizer"                  daemon [_thread_blocked, id=2676, stack(0x000000c2ad600000,0x000000c2ad700000) (1024K)]
  0x000002933965fe10 JavaThread "Signal Dispatcher"          daemon [_thread_blocked, id=19256, stack(0x000000c2ad700000,0x000000c2ad800000) (1024K)]
  0x0000029339660470 JavaThread "Attach Listener"            daemon [_thread_blocked, id=19524, stack(0x000000c2ad800000,0x000000c2ad900000) (1024K)]
  0x00000293396498f0 JavaThread "Service Thread"             daemon [_thread_blocked, id=38204, stack(0x000000c2ad900000,0x000000c2ada00000) (1024K)]
  0x00000293396722d0 JavaThread "Monitor Deflation Thread"   daemon [_thread_blocked, id=32400, stack(0x000000c2ada00000,0x000000c2adb00000) (1024K)]
  0x00000293396abb10 JavaThread "C2 CompilerThread0"         daemon [_thread_in_native, id=9628, stack(0x000000c2adb00000,0x000000c2adc00000) (1024K)]
  0x00000293396ac1b0 JavaThread "C1 CompilerThread0"         daemon [_thread_blocked, id=27316, stack(0x000000c2adc00000,0x000000c2add00000) (1024K)]
  0x000002933978bce0 JavaThread "Common-Cleaner"             daemon [_thread_blocked, id=9708, stack(0x000000c2add00000,0x000000c2ade00000) (1024K)]
  0x00000293399899d0 JavaThread "Notification Thread"        daemon [_thread_blocked, id=38520, stack(0x000000c2ade00000,0x000000c2adf00000) (1024K)]
  0x000002933fc657b0 JavaThread "Daemon health stats"               [_thread_blocked, id=27272, stack(0x000000c2ae200000,0x000000c2ae300000) (1024K)]
  0x000002933fd78030 JavaThread "Incoming local TCP Connector on port 54502"        [_thread_in_native, id=20836, stack(0x000000c2aea00000,0x000000c2aeb00000) (1024K)]
  0x0000029340030810 JavaThread "Daemon periodic checks"            [_thread_blocked, id=20972, stack(0x000000c2aeb00000,0x000000c2aec00000) (1024K)]
  0x000002933e6b66a0 JavaThread "Daemon"                            [_thread_blocked, id=19332, stack(0x000000c2aec00000,0x000000c2aed00000) (1024K)]
  0x000002933f699930 JavaThread "Handler for socket connection from /127.0.0.1:54502 to /127.0.0.1:54503"        [_thread_in_native, id=35768, stack(0x000000c2aed00000,0x000000c2aee00000) (1024K)]
  0x000002933eeec810 JavaThread "Cancel handler"                    [_thread_blocked, id=30236, stack(0x000000c2aee00000,0x000000c2aef00000) (1024K)]
  0x000002933f291630 JavaThread "Daemon worker"                     [_thread_in_vm, id=19724, stack(0x000000c2aef00000,0x000000c2af000000) (1024K)]
  0x000002933fc8a360 JavaThread "Asynchronous log dispatcher for DefaultDaemonConnection: socket connection from /127.0.0.1:54502 to /127.0.0.1:54503"        [_thread_blocked, id=35592, stack(0x000000c2af000000,0x000000c2af100000) (1024K)]
  0x000002933fbb5590 JavaThread "Stdin handler"                     [_thread_blocked, id=29292, stack(0x000000c2af100000,0x000000c2af200000) (1024K)]
  0x000002933fbb4f00 JavaThread "Daemon client event forwarder"        [_thread_blocked, id=7944, stack(0x000000c2af200000,0x000000c2af300000) (1024K)]
  0x000002933fbb7cf0 JavaThread "Cache worker for journal cache (C:\Users\ASCOM\OneDrive\Desktop\Smartphone Apps\Exercise 1 Hello World\caches\journal-1)"        [_thread_blocked, id=18372, stack(0x000000c2af500000,0x000000c2af600000) (1024K)]
  0x000002933fbb4870 JavaThread "File lock request listener"        [_thread_in_native, id=24852, stack(0x000000c2af600000,0x000000c2af700000) (1024K)]
  0x000002933fbb6fd0 JavaThread "Cache worker for file hash cache (C:\Users\ASCOM\OneDrive\Desktop\Smartphone Apps\Exercise 1 Hello World\caches\8.11.1\fileHashes)"        [_thread_blocked, id=38472, stack(0x000000c2af700000,0x000000c2af800000) (1024K)]
  0x000002933fbb62b0 JavaThread "Cache worker for file content cache (C:\Users\ASCOM\OneDrive\Desktop\Smartphone Apps\Exercise 1 Hello World\caches\8.11.1\fileContent)"        [_thread_blocked, id=8000, stack(0x000000c2af800000,0x000000c2af900000) (1024K)]
  0x000002933fbb7660 JavaThread "Cache worker for file hash cache (C:\Users\ASCOM\OneDrive\Documents\Smartphone Apps\ZEN\.gradle\8.11.1\fileHashes)"        [_thread_blocked, id=24272, stack(0x000000c2af900000,0x000000c2afa00000) (1024K)]
  0x000002933fbb6940 JavaThread "Cache worker for Build Output Cleanup Cache (C:\Users\ASCOM\OneDrive\Documents\Smartphone Apps\ZEN\.gradle\buildOutputCleanup)"        [_thread_blocked, id=35304, stack(0x000000c2afa00000,0x000000c2afb00000) (1024K)]
  0x000002933e524330 JavaThread "File watcher server"        daemon [_thread_in_native, id=13952, stack(0x000000c2afb00000,0x000000c2afc00000) (1024K)]
  0x000002933e525d70 JavaThread "File watcher consumer"      daemon [_thread_blocked, id=15636, stack(0x000000c2afc00000,0x000000c2afd00000) (1024K)]
  0x000002933e5249c0 JavaThread "Cache worker for checksums cache (C:\Users\ASCOM\OneDrive\Documents\Smartphone Apps\ZEN\.gradle\8.11.1\checksums)"        [_thread_blocked, id=21124, stack(0x000000c2afd00000,0x000000c2afe00000) (1024K)]
  0x000002933e525050 JavaThread "Cache worker for cache directory md-rule (C:\Users\ASCOM\OneDrive\Desktop\Smartphone Apps\Exercise 1 Hello World\caches\8.11.1\md-rule)"        [_thread_blocked, id=28304, stack(0x000000c2afe00000,0x000000c2aff00000) (1024K)]
  0x000002933e5256e0 JavaThread "Cache worker for cache directory md-supplier (C:\Users\ASCOM\OneDrive\Desktop\Smartphone Apps\Exercise 1 Hello World\caches\8.11.1\md-supplier)"        [_thread_blocked, id=31512, stack(0x000000c2aff00000,0x000000c2b0000000) (1024K)]
  0x0000029340c25940 JavaThread "C2 CompilerThread1"         daemon [_thread_in_native, id=20100, stack(0x000000c2adf00000,0x000000c2ae000000) (1024K)]
=>0x00000293394281a0 JavaThread "C2 CompilerThread2"         daemon [_thread_in_native, id=5712, stack(0x000000c2b0000000,0x000000c2b0100000) (1024K)]
Total: 34

Other Threads:
  0x00000293395f2a80 VMThread "VM Thread"                           [id=28260, stack(0x000000c2ad400000,0x000000c2ad500000) (1024K)]
  0x000002933942a990 WatcherThread "VM Periodic Task Thread"        [id=22556, stack(0x000000c2ad300000,0x000000c2ad400000) (1024K)]
  0x000002931f62df90 WorkerThread "GC Thread#0"                     [id=2060, stack(0x000000c2ace00000,0x000000c2acf00000) (1024K)]
  0x000002933e12f8f0 WorkerThread "GC Thread#1"                     [id=11888, stack(0x000000c2ae000000,0x000000c2ae100000) (1024K)]
  0x000002933e189a30 WorkerThread "GC Thread#2"                     [id=25128, stack(0x000000c2ae100000,0x000000c2ae200000) (1024K)]
  0x000002933e616da0 WorkerThread "GC Thread#3"                     [id=3544, stack(0x000000c2ae300000,0x000000c2ae400000) (1024K)]
  0x000002933ec49d10 WorkerThread "GC Thread#4"                     [id=25144, stack(0x000000c2ae400000,0x000000c2ae500000) (1024K)]
  0x000002933fbda310 WorkerThread "GC Thread#5"                     [id=1624, stack(0x000000c2ae500000,0x000000c2ae600000) (1024K)]
  0x000002933e4493e0 WorkerThread "GC Thread#6"                     [id=32820, stack(0x000000c2ae600000,0x000000c2ae700000) (1024K)]
  0x000002933e449780 WorkerThread "GC Thread#7"                     [id=15824, stack(0x000000c2ae700000,0x000000c2ae800000) (1024K)]
  0x000002933f865560 WorkerThread "GC Thread#8"                     [id=26524, stack(0x000000c2ae800000,0x000000c2ae900000) (1024K)]
  0x000002933f866ec0 WorkerThread "GC Thread#9"                     [id=7268, stack(0x000000c2ae900000,0x000000c2aea00000) (1024K)]
  0x000002932119b0f0 ConcurrentGCThread "G1 Main Marker"            [id=9360, stack(0x000000c2acf00000,0x000000c2ad000000) (1024K)]
  0x000002932119b9a0 WorkerThread "G1 Conc#0"                       [id=5852, stack(0x000000c2ad000000,0x000000c2ad100000) (1024K)]
  0x000002933f865900 WorkerThread "G1 Conc#1"                       [id=6352, stack(0x000000c2af300000,0x000000c2af400000) (1024K)]
  0x000002933f8663e0 WorkerThread "G1 Conc#2"                       [id=27444, stack(0x000000c2af400000,0x000000c2af500000) (1024K)]
  0x00000293392f9430 ConcurrentGCThread "G1 Refine#0"               [id=6460, stack(0x000000c2ad100000,0x000000c2ad200000) (1024K)]
  0x00000293392fbd70 ConcurrentGCThread "G1 Service"                [id=28984, stack(0x000000c2ad200000,0x000000c2ad300000) (1024K)]
Total: 18

Threads with active compile tasks:
C2 CompilerThread0  9858 4242       4       java.lang.String::split (148 bytes)
C2 CompilerThread1  9858 4239       4       java.util.regex.Pattern::split (325 bytes)
C2 CompilerThread2  9858 4234       4       jdk.internal.jimage.ImageLocation::getFullName (109 bytes)
Total: 3

VM state: not at safepoint (normal execution)

VM Mutex/Monitor currently owned by a thread: None

Heap address: 0x0000000080000000, size: 2048 MB, Compressed Oops mode: 32-bit

CDS archive(s) not mapped
Compressed class space mapped at: 0x0000000100000000-0x0000000140000000, reserved size: 1073741824
Narrow klass base: 0x0000000000000000, Narrow klass shift: 3, Narrow klass range: 0x140000000

GC Precious Log:
 CardTable entry size: 512
 Card Set container configuration: InlinePtr #cards 5 size 8 Array Of Cards #cards 12 size 40 Howl #buckets 4 coarsen threshold 1843 Howl Bitmap #cards 512 size 80 coarsen threshold 460 Card regions per heap region 1 cards per card region 2048
 CPUs: 12 total, 12 available
 Memory: 7914M
 Large Page Support: Disabled
 NUMA Support: Disabled
 Compressed Oops: Enabled (32-bit)
 Heap Region Size: 1M
 Heap Min Capacity: 8M
 Heap Initial Capacity: 124M
 Heap Max Capacity: 2G
 Pre-touch: Disabled
 Parallel Workers: 10
 Concurrent Workers: 3
 Concurrent Refinement Workers: 10
 Periodic GC: Disabled

Heap:
 garbage-first heap   total 246784K, used 54652K [0x0000000080000000, 0x0000000100000000)
  region size 1024K, 27 young (27648K), 2 survivors (2048K)
 Metaspace       used 46193K, committed 47424K, reserved 1114112K
  class space    used 6150K, committed 6784K, reserved 1048576K

Heap Regions: E=young(eden), S=young(survivor), O=old, HS=humongous(starts), HC=humongous(continues), CS=collection set, F=free, TAMS=top-at-mark-start, PB=parsable bottom
|   0|0x0000000080000000, 0x0000000080100000, 0x0000000080100000|100%|HS|  |TAMS 0x0000000080000000| PB 0x0000000080000000| Complete 
|   1|0x0000000080100000, 0x0000000080200000, 0x0000000080200000|100%|HC|  |TAMS 0x0000000080100000| PB 0x0000000080100000| Complete 
|   2|0x0000000080200000, 0x0000000080300000, 0x0000000080300000|100%|HC|  |TAMS 0x0000000080200000| PB 0x0000000080200000| Complete 
|   3|0x0000000080300000, 0x0000000080400000, 0x0000000080400000|100%| O|  |TAMS 0x0000000080300000| PB 0x0000000080300000| Untracked 
|   4|0x0000000080400000, 0x0000000080500000, 0x0000000080500000|100%| O|  |TAMS 0x0000000080400000| PB 0x0000000080400000| Untracked 
|   5|0x0000000080500000, 0x0000000080600000, 0x0000000080600000|100%| O|  |TAMS 0x0000000080500000| PB 0x0000000080500000| Untracked 
|   6|0x0000000080600000, 0x0000000080700000, 0x0000000080700000|100%|HS|  |TAMS 0x0000000080600000| PB 0x0000000080600000| Complete 
|   7|0x0000000080700000, 0x0000000080800000, 0x0000000080800000|100%| O|  |TAMS 0x0000000080700000| PB 0x0000000080700000| Untracked 
|   8|0x0000000080800000, 0x0000000080900000, 0x0000000080900000|100%| O|  |TAMS 0x0000000080800000| PB 0x0000000080800000| Untracked 
|   9|0x0000000080900000, 0x0000000080a00000, 0x0000000080a00000|100%| O|  |TAMS 0x0000000080900000| PB 0x0000000080900000| Untracked 
|  10|0x0000000080a00000, 0x0000000080b00000, 0x0000000080b00000|100%| O|  |TAMS 0x0000000080a00000| PB 0x0000000080a00000| Untracked 
|  11|0x0000000080b00000, 0x0000000080c00000, 0x0000000080c00000|100%| O|  |TAMS 0x0000000080b00000| PB 0x0000000080b00000| Untracked 
|  12|0x0000000080c00000, 0x0000000080d00000, 0x0000000080d00000|100%| O|  |TAMS 0x0000000080c00000| PB 0x0000000080c00000| Untracked 
|  13|0x0000000080d00000, 0x0000000080e00000, 0x0000000080e00000|100%| O|  |TAMS 0x0000000080d00000| PB 0x0000000080d00000| Untracked 
|  14|0x0000000080e00000, 0x0000000080e5f190, 0x0000000080f00000| 37%| O|  |TAMS 0x0000000080e00000| PB 0x0000000080e00000| Untracked 
|  15|0x0000000080f00000, 0x0000000081000000, 0x0000000081000000|100%| O|  |TAMS 0x0000000080f00000| PB 0x0000000080f00000| Untracked 
|  16|0x0000000081000000, 0x0000000081100000, 0x0000000081100000|100%| O|  |TAMS 0x0000000081000000| PB 0x0000000081000000| Untracked 
|  17|0x0000000081100000, 0x0000000081200000, 0x0000000081200000|100%| O|  |TAMS 0x0000000081100000| PB 0x0000000081100000| Untracked 
|  18|0x0000000081200000, 0x0000000081300000, 0x0000000081300000|100%| O|  |TAMS 0x0000000081200000| PB 0x0000000081200000| Untracked 
|  19|0x0000000081300000, 0x0000000081400000, 0x0000000081400000|100%| O|  |TAMS 0x0000000081300000| PB 0x0000000081300000| Untracked 
|  20|0x0000000081400000, 0x0000000081500000, 0x0000000081500000|100%| O|  |TAMS 0x0000000081400000| PB 0x0000000081400000| Untracked 
|  21|0x0000000081500000, 0x0000000081600000, 0x0000000081600000|100%| O|  |TAMS 0x0000000081500000| PB 0x0000000081500000| Untracked 
|  22|0x0000000081600000, 0x0000000081700000, 0x0000000081700000|100%| O|  |TAMS 0x0000000081600000| PB 0x0000000081600000| Untracked 
|  23|0x0000000081700000, 0x0000000081800000, 0x0000000081800000|100%| O|  |TAMS 0x0000000081700000| PB 0x0000000081700000| Untracked 
|  24|0x0000000081800000, 0x0000000081900000, 0x0000000081900000|100%| O|  |TAMS 0x0000000081800000| PB 0x0000000081800000| Untracked 
|  25|0x0000000081900000, 0x0000000081a00000, 0x0000000081a00000|100%| O|  |TAMS 0x0000000081900000| PB 0x0000000081900000| Untracked 
|  26|0x0000000081a00000, 0x0000000081b00000, 0x0000000081b00000|100%| O|  |TAMS 0x0000000081a00000| PB 0x0000000081a00000| Untracked 
|  27|0x0000000081b00000, 0x0000000081c00000, 0x0000000081c00000|100%| O|  |TAMS 0x0000000081b00000| PB 0x0000000081b00000| Untracked 
|  28|0x0000000081c00000, 0x0000000081c00000, 0x0000000081d00000|  0%| F|  |TAMS 0x0000000081c00000| PB 0x0000000081c00000| Untracked 
|  29|0x0000000081d00000, 0x0000000081d00000, 0x0000000081e00000|  0%| F|  |TAMS 0x0000000081d00000| PB 0x0000000081d00000| Untracked 
|  30|0x0000000081e00000, 0x0000000081e00000, 0x0000000081f00000|  0%| F|  |TAMS 0x0000000081e00000| PB 0x0000000081e00000| Untracked 
|  31|0x0000000081f00000, 0x0000000081f00000, 0x0000000082000000|  0%| F|  |TAMS 0x0000000081f00000| PB 0x0000000081f00000| Untracked 
|  32|0x0000000082000000, 0x0000000082000000, 0x0000000082100000|  0%| F|  |TAMS 0x0000000082000000| PB 0x0000000082000000| Untracked 
|  33|0x0000000082100000, 0x0000000082100000, 0x0000000082200000|  0%| F|  |TAMS 0x0000000082100000| PB 0x0000000082100000| Untracked 
|  34|0x0000000082200000, 0x0000000082200000, 0x0000000082300000|  0%| F|  |TAMS 0x0000000082200000| PB 0x0000000082200000| Untracked 
|  35|0x0000000082300000, 0x0000000082300000, 0x0000000082400000|  0%| F|  |TAMS 0x0000000082300000| PB 0x0000000082300000| Untracked 
|  36|0x0000000082400000, 0x0000000082400000, 0x0000000082500000|  0%| F|  |TAMS 0x0000000082400000| PB 0x0000000082400000| Untracked 
|  37|0x0000000082500000, 0x0000000082500000, 0x0000000082600000|  0%| F|  |TAMS 0x0000000082500000| PB 0x0000000082500000| Untracked 
|  38|0x0000000082600000, 0x0000000082600000, 0x0000000082700000|  0%| F|  |TAMS 0x0000000082600000| PB 0x0000000082600000| Untracked 
|  39|0x0000000082700000, 0x0000000082700000, 0x0000000082800000|  0%| F|  |TAMS 0x0000000082700000| PB 0x0000000082700000| Untracked 
|  40|0x0000000082800000, 0x0000000082800000, 0x0000000082900000|  0%| F|  |TAMS 0x0000000082800000| PB 0x0000000082800000| Untracked 
|  41|0x0000000082900000, 0x0000000082900000, 0x0000000082a00000|  0%| F|  |TAMS 0x0000000082900000| PB 0x0000000082900000| Untracked 
|  42|0x0000000082a00000, 0x0000000082a00000, 0x0000000082b00000|  0%| F|  |TAMS 0x0000000082a00000| PB 0x0000000082a00000| Untracked 
|  43|0x0000000082b00000, 0x0000000082b00000, 0x0000000082c00000|  0%| F|  |TAMS 0x0000000082b00000| PB 0x0000000082b00000| Untracked 
|  44|0x0000000082c00000, 0x0000000082c00000, 0x0000000082d00000|  0%| F|  |TAMS 0x0000000082c00000| PB 0x0000000082c00000| Untracked 
|  45|0x0000000082d00000, 0x0000000082d00000, 0x0000000082e00000|  0%| F|  |TAMS 0x0000000082d00000| PB 0x0000000082d00000| Untracked 
|  46|0x0000000082e00000, 0x0000000082e00000, 0x0000000082f00000|  0%| F|  |TAMS 0x0000000082e00000| PB 0x0000000082e00000| Untracked 
|  47|0x0000000082f00000, 0x0000000082f00000, 0x0000000083000000|  0%| F|  |TAMS 0x0000000082f00000| PB 0x0000000082f00000| Untracked 
|  48|0x0000000083000000, 0x0000000083000000, 0x0000000083100000|  0%| F|  |TAMS 0x0000000083000000| PB 0x0000000083000000| Untracked 
|  49|0x0000000083100000, 0x0000000083100000, 0x0000000083200000|  0%| F|  |TAMS 0x0000000083100000| PB 0x0000000083100000| Untracked 
|  50|0x0000000083200000, 0x0000000083200000, 0x0000000083300000|  0%| F|  |TAMS 0x0000000083200000| PB 0x0000000083200000| Untracked 
|  51|0x0000000083300000, 0x0000000083300000, 0x0000000083400000|  0%| F|  |TAMS 0x0000000083300000| PB 0x0000000083300000| Untracked 
|  52|0x0000000083400000, 0x0000000083400000, 0x0000000083500000|  0%| F|  |TAMS 0x0000000083400000| PB 0x0000000083400000| Untracked 
|  53|0x0000000083500000, 0x0000000083500000, 0x0000000083600000|  0%| F|  |TAMS 0x0000000083500000| PB 0x0000000083500000| Untracked 
|  54|0x0000000083600000, 0x0000000083600000, 0x0000000083700000|  0%| F|  |TAMS 0x0000000083600000| PB 0x0000000083600000| Untracked 
|  55|0x0000000083700000, 0x0000000083700000, 0x0000000083800000|  0%| F|  |TAMS 0x0000000083700000| PB 0x0000000083700000| Untracked 
|  56|0x0000000083800000, 0x0000000083800000, 0x0000000083900000|  0%| F|  |TAMS 0x0000000083800000| PB 0x0000000083800000| Untracked 
|  57|0x0000000083900000, 0x0000000083900000, 0x0000000083a00000|  0%| F|  |TAMS 0x0000000083900000| PB 0x0000000083900000| Untracked 
|  58|0x0000000083a00000, 0x0000000083a00000, 0x0000000083b00000|  0%| F|  |TAMS 0x0000000083a00000| PB 0x0000000083a00000| Untracked 
|  59|0x0000000083b00000, 0x0000000083b00000, 0x0000000083c00000|  0%| F|  |TAMS 0x0000000083b00000| PB 0x0000000083b00000| Untracked 
|  60|0x0000000083c00000, 0x0000000083c00000, 0x0000000083d00000|  0%| F|  |TAMS 0x0000000083c00000| PB 0x0000000083c00000| Untracked 
|  61|0x0000000083d00000, 0x0000000083d00000, 0x0000000083e00000|  0%| F|  |TAMS 0x0000000083d00000| PB 0x0000000083d00000| Untracked 
|  62|0x0000000083e00000, 0x0000000083e00000, 0x0000000083f00000|  0%| F|  |TAMS 0x0000000083e00000| PB 0x0000000083e00000| Untracked 
|  63|0x0000000083f00000, 0x0000000083f00000, 0x0000000084000000|  0%| F|  |TAMS 0x0000000083f00000| PB 0x0000000083f00000| Untracked 
|  64|0x0000000084000000, 0x0000000084000000, 0x0000000084100000|  0%| F|  |TAMS 0x0000000084000000| PB 0x0000000084000000| Untracked 
|  65|0x0000000084100000, 0x0000000084100000, 0x0000000084200000|  0%| F|  |TAMS 0x0000000084100000| PB 0x0000000084100000| Untracked 
|  66|0x0000000084200000, 0x0000000084200000, 0x0000000084300000|  0%| F|  |TAMS 0x0000000084200000| PB 0x0000000084200000| Untracked 
|  67|0x0000000084300000, 0x0000000084300000, 0x0000000084400000|  0%| F|  |TAMS 0x0000000084300000| PB 0x0000000084300000| Untracked 
|  68|0x0000000084400000, 0x0000000084400000, 0x0000000084500000|  0%| F|  |TAMS 0x0000000084400000| PB 0x0000000084400000| Untracked 
|  69|0x0000000084500000, 0x0000000084500000, 0x0000000084600000|  0%| F|  |TAMS 0x0000000084500000| PB 0x0000000084500000| Untracked 
|  70|0x0000000084600000, 0x0000000084600000, 0x0000000084700000|  0%| F|  |TAMS 0x0000000084600000| PB 0x0000000084600000| Untracked 
|  71|0x0000000084700000, 0x0000000084700000, 0x0000000084800000|  0%| F|  |TAMS 0x0000000084700000| PB 0x0000000084700000| Untracked 
|  72|0x0000000084800000, 0x0000000084800000, 0x0000000084900000|  0%| F|  |TAMS 0x0000000084800000| PB 0x0000000084800000| Untracked 
|  73|0x0000000084900000, 0x0000000084900000, 0x0000000084a00000|  0%| F|  |TAMS 0x0000000084900000| PB 0x0000000084900000| Untracked 
|  74|0x0000000084a00000, 0x0000000084a00000, 0x0000000084b00000|  0%| F|  |TAMS 0x0000000084a00000| PB 0x0000000084a00000| Untracked 
|  75|0x0000000084b00000, 0x0000000084b00000, 0x0000000084c00000|  0%| F|  |TAMS 0x0000000084b00000| PB 0x0000000084b00000| Untracked 
|  76|0x0000000084c00000, 0x0000000084c00000, 0x0000000084d00000|  0%| F|  |TAMS 0x0000000084c00000| PB 0x0000000084c00000| Untracked 
|  77|0x0000000084d00000, 0x0000000084d00000, 0x0000000084e00000|  0%| F|  |TAMS 0x0000000084d00000| PB 0x0000000084d00000| Untracked 
|  78|0x0000000084e00000, 0x0000000084e00000, 0x0000000084f00000|  0%| F|  |TAMS 0x0000000084e00000| PB 0x0000000084e00000| Untracked 
|  79|0x0000000084f00000, 0x0000000084f00000, 0x0000000085000000|  0%| F|  |TAMS 0x0000000084f00000| PB 0x0000000084f00000| Untracked 
|  80|0x0000000085000000, 0x0000000085000000, 0x0000000085100000|  0%| F|  |TAMS 0x0000000085000000| PB 0x0000000085000000| Untracked 
|  81|0x0000000085100000, 0x0000000085100000, 0x0000000085200000|  0%| F|  |TAMS 0x0000000085100000| PB 0x0000000085100000| Untracked 
|  82|0x0000000085200000, 0x0000000085200000, 0x0000000085300000|  0%| F|  |TAMS 0x0000000085200000| PB 0x0000000085200000| Untracked 
|  83|0x0000000085300000, 0x0000000085300000, 0x0000000085400000|  0%| F|  |TAMS 0x0000000085300000| PB 0x0000000085300000| Untracked 
|  84|0x0000000085400000, 0x0000000085400000, 0x0000000085500000|  0%| F|  |TAMS 0x0000000085400000| PB 0x0000000085400000| Untracked 
|  85|0x0000000085500000, 0x0000000085500000, 0x0000000085600000|  0%| F|  |TAMS 0x0000000085500000| PB 0x0000000085500000| Untracked 
|  86|0x0000000085600000, 0x0000000085600000, 0x0000000085700000|  0%| F|  |TAMS 0x0000000085600000| PB 0x0000000085600000| Untracked 
|  87|0x0000000085700000, 0x0000000085700000, 0x0000000085800000|  0%| F|  |TAMS 0x0000000085700000| PB 0x0000000085700000| Untracked 
|  88|0x0000000085800000, 0x0000000085800000, 0x0000000085900000|  0%| F|  |TAMS 0x0000000085800000| PB 0x0000000085800000| Untracked 
|  89|0x0000000085900000, 0x0000000085900000, 0x0000000085a00000|  0%| F|  |TAMS 0x0000000085900000| PB 0x0000000085900000| Untracked 
|  90|0x0000000085a00000, 0x0000000085a00000, 0x0000000085b00000|  0%| F|  |TAMS 0x0000000085a00000| PB 0x0000000085a00000| Untracked 
|  91|0x0000000085b00000, 0x0000000085b00000, 0x0000000085c00000|  0%| F|  |TAMS 0x0000000085b00000| PB 0x0000000085b00000| Untracked 
|  92|0x0000000085c00000, 0x0000000085c00000, 0x0000000085d00000|  0%| F|  |TAMS 0x0000000085c00000| PB 0x0000000085c00000| Untracked 
|  93|0x0000000085d00000, 0x0000000085d00000, 0x0000000085e00000|  0%| F|  |TAMS 0x0000000085d00000| PB 0x0000000085d00000| Untracked 
|  94|0x0000000085e00000, 0x0000000085e00000, 0x0000000085f00000|  0%| F|  |TAMS 0x0000000085e00000| PB 0x0000000085e00000| Untracked 
|  95|0x0000000085f00000, 0x0000000085f00000, 0x0000000086000000|  0%| F|  |TAMS 0x0000000085f00000| PB 0x0000000085f00000| Untracked 
|  96|0x0000000086000000, 0x0000000086000000, 0x0000000086100000|  0%| F|  |TAMS 0x0000000086000000| PB 0x0000000086000000| Untracked 
|  97|0x0000000086100000, 0x0000000086100000, 0x0000000086200000|  0%| F|  |TAMS 0x0000000086100000| PB 0x0000000086100000| Untracked 
|  98|0x0000000086200000, 0x0000000086200000, 0x0000000086300000|  0%| F|  |TAMS 0x0000000086200000| PB 0x0000000086200000| Untracked 
|  99|0x0000000086300000, 0x0000000086300000, 0x0000000086400000|  0%| F|  |TAMS 0x0000000086300000| PB 0x0000000086300000| Untracked 
| 100|0x0000000086400000, 0x0000000086400000, 0x0000000086500000|  0%| F|  |TAMS 0x0000000086400000| PB 0x0000000086400000| Untracked 
| 101|0x0000000086500000, 0x0000000086500000, 0x0000000086600000|  0%| F|  |TAMS 0x0000000086500000| PB 0x0000000086500000| Untracked 
| 102|0x0000000086600000, 0x0000000086600000, 0x0000000086700000|  0%| F|  |TAMS 0x0000000086600000| PB 0x0000000086600000| Untracked 
| 103|0x0000000086700000, 0x0000000086700000, 0x0000000086800000|  0%| F|  |TAMS 0x0000000086700000| PB 0x0000000086700000| Untracked 
| 104|0x0000000086800000, 0x0000000086800000, 0x0000000086900000|  0%| F|  |TAMS 0x0000000086800000| PB 0x0000000086800000| Untracked 
| 105|0x0000000086900000, 0x0000000086900000, 0x0000000086a00000|  0%| F|  |TAMS 0x0000000086900000| PB 0x0000000086900000| Untracked 
| 106|0x0000000086a00000, 0x0000000086a00000, 0x0000000086b00000|  0%| F|  |TAMS 0x0000000086a00000| PB 0x0000000086a00000| Untracked 
| 107|0x0000000086b00000, 0x0000000086b00000, 0x0000000086c00000|  0%| F|  |TAMS 0x0000000086b00000| PB 0x0000000086b00000| Untracked 
| 108|0x0000000086c00000, 0x0000000086c00000, 0x0000000086d00000|  0%| F|  |TAMS 0x0000000086c00000| PB 0x0000000086c00000| Untracked 
| 109|0x0000000086d00000, 0x0000000086d00000, 0x0000000086e00000|  0%| F|  |TAMS 0x0000000086d00000| PB 0x0000000086d00000| Untracked 
| 110|0x0000000086e00000, 0x0000000086e00000, 0x0000000086f00000|  0%| F|  |TAMS 0x0000000086e00000| PB 0x0000000086e00000| Untracked 
| 111|0x0000000086f00000, 0x0000000086f00000, 0x0000000087000000|  0%| F|  |TAMS 0x0000000086f00000| PB 0x0000000086f00000| Untracked 
| 112|0x0000000087000000, 0x0000000087000000, 0x0000000087100000|  0%| F|  |TAMS 0x0000000087000000| PB 0x0000000087000000| Untracked 
| 113|0x0000000087100000, 0x0000000087100000, 0x0000000087200000|  0%| F|  |TAMS 0x0000000087100000| PB 0x0000000087100000| Untracked 
| 114|0x0000000087200000, 0x0000000087200000, 0x0000000087300000|  0%| F|  |TAMS 0x0000000087200000| PB 0x0000000087200000| Untracked 
| 115|0x0000000087300000, 0x0000000087300000, 0x0000000087400000|  0%| F|  |TAMS 0x0000000087300000| PB 0x0000000087300000| Untracked 
| 116|0x0000000087400000, 0x0000000087400000, 0x0000000087500000|  0%| F|  |TAMS 0x0000000087400000| PB 0x0000000087400000| Untracked 
| 117|0x0000000087500000, 0x0000000087500000, 0x0000000087600000|  0%| F|  |TAMS 0x0000000087500000| PB 0x0000000087500000| Untracked 
| 118|0x0000000087600000, 0x0000000087600000, 0x0000000087700000|  0%| F|  |TAMS 0x0000000087600000| PB 0x0000000087600000| Untracked 
| 119|0x0000000087700000, 0x0000000087700000, 0x0000000087800000|  0%| F|  |TAMS 0x0000000087700000| PB 0x0000000087700000| Untracked 
| 120|0x0000000087800000, 0x0000000087800000, 0x0000000087900000|  0%| F|  |TAMS 0x0000000087800000| PB 0x0000000087800000| Untracked 
| 121|0x0000000087900000, 0x0000000087900000, 0x0000000087a00000|  0%| F|  |TAMS 0x0000000087900000| PB 0x0000000087900000| Untracked 
| 122|0x0000000087a00000, 0x0000000087a00000, 0x0000000087b00000|  0%| F|  |TAMS 0x0000000087a00000| PB 0x0000000087a00000| Untracked 
| 123|0x0000000087b00000, 0x0000000087b00000, 0x0000000087c00000|  0%| F|  |TAMS 0x0000000087b00000| PB 0x0000000087b00000| Untracked 
| 124|0x0000000087c00000, 0x0000000087c00000, 0x0000000087d00000|  0%| F|  |TAMS 0x0000000087c00000| PB 0x0000000087c00000| Untracked 
| 125|0x0000000087d00000, 0x0000000087d00000, 0x0000000087e00000|  0%| F|  |TAMS 0x0000000087d00000| PB 0x0000000087d00000| Untracked 
| 126|0x0000000087e00000, 0x0000000087e00000, 0x0000000087f00000|  0%| F|  |TAMS 0x0000000087e00000| PB 0x0000000087e00000| Untracked 
| 127|0x0000000087f00000, 0x0000000087f00000, 0x0000000088000000|  0%| F|  |TAMS 0x0000000087f00000| PB 0x0000000087f00000| Untracked 
| 128|0x0000000088000000, 0x0000000088000000, 0x0000000088100000|  0%| F|  |TAMS 0x0000000088000000| PB 0x0000000088000000| Untracked 
| 129|0x0000000088100000, 0x0000000088100000, 0x0000000088200000|  0%| F|  |TAMS 0x0000000088100000| PB 0x0000000088100000| Untracked 
| 130|0x0000000088200000, 0x0000000088200000, 0x0000000088300000|  0%| F|  |TAMS 0x0000000088200000| PB 0x0000000088200000| Untracked 
| 131|0x0000000088300000, 0x0000000088300000, 0x0000000088400000|  0%| F|  |TAMS 0x0000000088300000| PB 0x0000000088300000| Untracked 
| 132|0x0000000088400000, 0x0000000088400000, 0x0000000088500000|  0%| F|  |TAMS 0x0000000088400000| PB 0x0000000088400000| Untracked 
| 133|0x0000000088500000, 0x0000000088500000, 0x0000000088600000|  0%| F|  |TAMS 0x0000000088500000| PB 0x0000000088500000| Untracked 
| 134|0x0000000088600000, 0x0000000088600000, 0x0000000088700000|  0%| F|  |TAMS 0x0000000088600000| PB 0x0000000088600000| Untracked 
| 135|0x0000000088700000, 0x0000000088700000, 0x0000000088800000|  0%| F|  |TAMS 0x0000000088700000| PB 0x0000000088700000| Untracked 
| 136|0x0000000088800000, 0x0000000088800000, 0x0000000088900000|  0%| F|  |TAMS 0x0000000088800000| PB 0x0000000088800000| Untracked 
| 137|0x0000000088900000, 0x0000000088900000, 0x0000000088a00000|  0%| F|  |TAMS 0x0000000088900000| PB 0x0000000088900000| Untracked 
| 138|0x0000000088a00000, 0x0000000088a00000, 0x0000000088b00000|  0%| F|  |TAMS 0x0000000088a00000| PB 0x0000000088a00000| Untracked 
| 139|0x0000000088b00000, 0x0000000088b00000, 0x0000000088c00000|  0%| F|  |TAMS 0x0000000088b00000| PB 0x0000000088b00000| Untracked 
| 140|0x0000000088c00000, 0x0000000088c00000, 0x0000000088d00000|  0%| F|  |TAMS 0x0000000088c00000| PB 0x0000000088c00000| Untracked 
| 141|0x0000000088d00000, 0x0000000088d00000, 0x0000000088e00000|  0%| F|  |TAMS 0x0000000088d00000| PB 0x0000000088d00000| Untracked 
| 142|0x0000000088e00000, 0x0000000088e00000, 0x0000000088f00000|  0%| F|  |TAMS 0x0000000088e00000| PB 0x0000000088e00000| Untracked 
| 143|0x0000000088f00000, 0x0000000088f00000, 0x0000000089000000|  0%| F|  |TAMS 0x0000000088f00000| PB 0x0000000088f00000| Untracked 
| 144|0x0000000089000000, 0x0000000089000000, 0x0000000089100000|  0%| F|  |TAMS 0x0000000089000000| PB 0x0000000089000000| Untracked 
| 145|0x0000000089100000, 0x0000000089100000, 0x0000000089200000|  0%| F|  |TAMS 0x0000000089100000| PB 0x0000000089100000| Untracked 
| 146|0x0000000089200000, 0x0000000089200000, 0x0000000089300000|  0%| F|  |TAMS 0x0000000089200000| PB 0x0000000089200000| Untracked 
| 147|0x0000000089300000, 0x0000000089300000, 0x0000000089400000|  0%| F|  |TAMS 0x0000000089300000| PB 0x0000000089300000| Untracked 
| 148|0x0000000089400000, 0x0000000089400000, 0x0000000089500000|  0%| F|  |TAMS 0x0000000089400000| PB 0x0000000089400000| Untracked 
| 149|0x0000000089500000, 0x0000000089500000, 0x0000000089600000|  0%| F|  |TAMS 0x0000000089500000| PB 0x0000000089500000| Untracked 
| 150|0x0000000089600000, 0x0000000089600000, 0x0000000089700000|  0%| F|  |TAMS 0x0000000089600000| PB 0x0000000089600000| Untracked 
| 151|0x0000000089700000, 0x0000000089700000, 0x0000000089800000|  0%| F|  |TAMS 0x0000000089700000| PB 0x0000000089700000| Untracked 
| 152|0x0000000089800000, 0x0000000089800000, 0x0000000089900000|  0%| F|  |TAMS 0x0000000089800000| PB 0x0000000089800000| Untracked 
| 153|0x0000000089900000, 0x0000000089900000, 0x0000000089a00000|  0%| F|  |TAMS 0x0000000089900000| PB 0x0000000089900000| Untracked 
| 154|0x0000000089a00000, 0x0000000089a00000, 0x0000000089b00000|  0%| F|  |TAMS 0x0000000089a00000| PB 0x0000000089a00000| Untracked 
| 155|0x0000000089b00000, 0x0000000089b00000, 0x0000000089c00000|  0%| F|  |TAMS 0x0000000089b00000| PB 0x0000000089b00000| Untracked 
| 156|0x0000000089c00000, 0x0000000089c00000, 0x0000000089d00000|  0%| F|  |TAMS 0x0000000089c00000| PB 0x0000000089c00000| Untracked 
| 157|0x0000000089d00000, 0x0000000089d00000, 0x0000000089e00000|  0%| F|  |TAMS 0x0000000089d00000| PB 0x0000000089d00000| Untracked 
| 158|0x0000000089e00000, 0x0000000089e00000, 0x0000000089f00000|  0%| F|  |TAMS 0x0000000089e00000| PB 0x0000000089e00000| Untracked 
| 159|0x0000000089f00000, 0x0000000089f00000, 0x000000008a000000|  0%| F|  |TAMS 0x0000000089f00000| PB 0x0000000089f00000| Untracked 
| 160|0x000000008a000000, 0x000000008a000000, 0x000000008a100000|  0%| F|  |TAMS 0x000000008a000000| PB 0x000000008a000000| Untracked 
| 161|0x000000008a100000, 0x000000008a100000, 0x000000008a200000|  0%| F|  |TAMS 0x000000008a100000| PB 0x000000008a100000| Untracked 
| 162|0x000000008a200000, 0x000000008a200000, 0x000000008a300000|  0%| F|  |TAMS 0x000000008a200000| PB 0x000000008a200000| Untracked 
| 163|0x000000008a300000, 0x000000008a300000, 0x000000008a400000|  0%| F|  |TAMS 0x000000008a300000| PB 0x000000008a300000| Untracked 
| 164|0x000000008a400000, 0x000000008a400000, 0x000000008a500000|  0%| F|  |TAMS 0x000000008a400000| PB 0x000000008a400000| Untracked 
| 165|0x000000008a500000, 0x000000008a500000, 0x000000008a600000|  0%| F|  |TAMS 0x000000008a500000| PB 0x000000008a500000| Untracked 
| 166|0x000000008a600000, 0x000000008a600000, 0x000000008a700000|  0%| F|  |TAMS 0x000000008a600000| PB 0x000000008a600000| Untracked 
| 167|0x000000008a700000, 0x000000008a700000, 0x000000008a800000|  0%| F|  |TAMS 0x000000008a700000| PB 0x000000008a700000| Untracked 
| 168|0x000000008a800000, 0x000000008a800000, 0x000000008a900000|  0%| F|  |TAMS 0x000000008a800000| PB 0x000000008a800000| Untracked 
| 169|0x000000008a900000, 0x000000008a900000, 0x000000008aa00000|  0%| F|  |TAMS 0x000000008a900000| PB 0x000000008a900000| Untracked 
| 170|0x000000008aa00000, 0x000000008aa00000, 0x000000008ab00000|  0%| F|  |TAMS 0x000000008aa00000| PB 0x000000008aa00000| Untracked 
| 171|0x000000008ab00000, 0x000000008ab00000, 0x000000008ac00000|  0%| F|  |TAMS 0x000000008ab00000| PB 0x000000008ab00000| Untracked 
| 172|0x000000008ac00000, 0x000000008ac00000, 0x000000008ad00000|  0%| F|  |TAMS 0x000000008ac00000| PB 0x000000008ac00000| Untracked 
| 173|0x000000008ad00000, 0x000000008ad00000, 0x000000008ae00000|  0%| F|  |TAMS 0x000000008ad00000| PB 0x000000008ad00000| Untracked 
| 174|0x000000008ae00000, 0x000000008ae00000, 0x000000008af00000|  0%| F|  |TAMS 0x000000008ae00000| PB 0x000000008ae00000| Untracked 
| 175|0x000000008af00000, 0x000000008af00000, 0x000000008b000000|  0%| F|  |TAMS 0x000000008af00000| PB 0x000000008af00000| Untracked 
| 176|0x000000008b000000, 0x000000008b000000, 0x000000008b100000|  0%| F|  |TAMS 0x000000008b000000| PB 0x000000008b000000| Untracked 
| 177|0x000000008b100000, 0x000000008b100000, 0x000000008b200000|  0%| F|  |TAMS 0x000000008b100000| PB 0x000000008b100000| Untracked 
| 178|0x000000008b200000, 0x000000008b200000, 0x000000008b300000|  0%| F|  |TAMS 0x000000008b200000| PB 0x000000008b200000| Untracked 
| 179|0x000000008b300000, 0x000000008b300000, 0x000000008b400000|  0%| F|  |TAMS 0x000000008b300000| PB 0x000000008b300000| Untracked 
| 180|0x000000008b400000, 0x000000008b400000, 0x000000008b500000|  0%| F|  |TAMS 0x000000008b400000| PB 0x000000008b400000| Untracked 
| 181|0x000000008b500000, 0x000000008b500000, 0x000000008b600000|  0%| F|  |TAMS 0x000000008b500000| PB 0x000000008b500000| Untracked 
| 182|0x000000008b600000, 0x000000008b600000, 0x000000008b700000|  0%| F|  |TAMS 0x000000008b600000| PB 0x000000008b600000| Untracked 
| 183|0x000000008b700000, 0x000000008b700000, 0x000000008b800000|  0%| F|  |TAMS 0x000000008b700000| PB 0x000000008b700000| Untracked 
| 184|0x000000008b800000, 0x000000008b800000, 0x000000008b900000|  0%| F|  |TAMS 0x000000008b800000| PB 0x000000008b800000| Untracked 
| 185|0x000000008b900000, 0x000000008b900000, 0x000000008ba00000|  0%| F|  |TAMS 0x000000008b900000| PB 0x000000008b900000| Untracked 
| 186|0x000000008ba00000, 0x000000008ba00000, 0x000000008bb00000|  0%| F|  |TAMS 0x000000008ba00000| PB 0x000000008ba00000| Untracked 
| 187|0x000000008bb00000, 0x000000008bb00000, 0x000000008bc00000|  0%| F|  |TAMS 0x000000008bb00000| PB 0x000000008bb00000| Untracked 
| 188|0x000000008bc00000, 0x000000008bc00000, 0x000000008bd00000|  0%| F|  |TAMS 0x000000008bc00000| PB 0x000000008bc00000| Untracked 
| 189|0x000000008bd00000, 0x000000008bd00000, 0x000000008be00000|  0%| F|  |TAMS 0x000000008bd00000| PB 0x000000008bd00000| Untracked 
| 190|0x000000008be00000, 0x000000008be00000, 0x000000008bf00000|  0%| F|  |TAMS 0x000000008be00000| PB 0x000000008be00000| Untracked 
| 191|0x000000008bf00000, 0x000000008bf00000, 0x000000008c000000|  0%| F|  |TAMS 0x000000008bf00000| PB 0x000000008bf00000| Untracked 
| 192|0x000000008c000000, 0x000000008c000000, 0x000000008c100000|  0%| F|  |TAMS 0x000000008c000000| PB 0x000000008c000000| Untracked 
| 193|0x000000008c100000, 0x000000008c100000, 0x000000008c200000|  0%| F|  |TAMS 0x000000008c100000| PB 0x000000008c100000| Untracked 
| 194|0x000000008c200000, 0x000000008c200000, 0x000000008c300000|  0%| F|  |TAMS 0x000000008c200000| PB 0x000000008c200000| Untracked 
| 195|0x000000008c300000, 0x000000008c300000, 0x000000008c400000|  0%| F|  |TAMS 0x000000008c300000| PB 0x000000008c300000| Untracked 
| 196|0x000000008c400000, 0x000000008c400000, 0x000000008c500000|  0%| F|  |TAMS 0x000000008c400000| PB 0x000000008c400000| Untracked 
| 197|0x000000008c500000, 0x000000008c500000, 0x000000008c600000|  0%| F|  |TAMS 0x000000008c500000| PB 0x000000008c500000| Untracked 
| 198|0x000000008c600000, 0x000000008c600000, 0x000000008c700000|  0%| F|  |TAMS 0x000000008c600000| PB 0x000000008c600000| Untracked 
| 199|0x000000008c700000, 0x000000008c700000, 0x000000008c800000|  0%| F|  |TAMS 0x000000008c700000| PB 0x000000008c700000| Untracked 
| 200|0x000000008c800000, 0x000000008c800000, 0x000000008c900000|  0%| F|  |TAMS 0x000000008c800000| PB 0x000000008c800000| Untracked 
| 201|0x000000008c900000, 0x000000008c900000, 0x000000008ca00000|  0%| F|  |TAMS 0x000000008c900000| PB 0x000000008c900000| Untracked 
| 202|0x000000008ca00000, 0x000000008ca00000, 0x000000008cb00000|  0%| F|  |TAMS 0x000000008ca00000| PB 0x000000008ca00000| Untracked 
| 203|0x000000008cb00000, 0x000000008cb00000, 0x000000008cc00000|  0%| F|  |TAMS 0x000000008cb00000| PB 0x000000008cb00000| Untracked 
| 204|0x000000008cc00000, 0x000000008cc00000, 0x000000008cd00000|  0%| F|  |TAMS 0x000000008cc00000| PB 0x000000008cc00000| Untracked 
| 205|0x000000008cd00000, 0x000000008cd00000, 0x000000008ce00000|  0%| F|  |TAMS 0x000000008cd00000| PB 0x000000008cd00000| Untracked 
| 206|0x000000008ce00000, 0x000000008ce00000, 0x000000008cf00000|  0%| F|  |TAMS 0x000000008ce00000| PB 0x000000008ce00000| Untracked 
| 207|0x000000008cf00000, 0x000000008cf00000, 0x000000008d000000|  0%| F|  |TAMS 0x000000008cf00000| PB 0x000000008cf00000| Untracked 
| 208|0x000000008d000000, 0x000000008d000000, 0x000000008d100000|  0%| F|  |TAMS 0x000000008d000000| PB 0x000000008d000000| Untracked 
| 209|0x000000008d100000, 0x000000008d100000, 0x000000008d200000|  0%| F|  |TAMS 0x000000008d100000| PB 0x000000008d100000| Untracked 
| 210|0x000000008d200000, 0x000000008d200000, 0x000000008d300000|  0%| F|  |TAMS 0x000000008d200000| PB 0x000000008d200000| Untracked 
| 211|0x000000008d300000, 0x000000008d300000, 0x000000008d400000|  0%| F|  |TAMS 0x000000008d300000| PB 0x000000008d300000| Untracked 
| 212|0x000000008d400000, 0x000000008d400000, 0x000000008d500000|  0%| F|  |TAMS 0x000000008d400000| PB 0x000000008d400000| Untracked 
| 213|0x000000008d500000, 0x000000008d5318f8, 0x000000008d600000| 19%| E|  |TAMS 0x000000008d500000| PB 0x000000008d500000| Complete 
| 214|0x000000008d600000, 0x000000008d700000, 0x000000008d700000|100%| E|CS|TAMS 0x000000008d600000| PB 0x000000008d600000| Complete 
| 215|0x000000008d700000, 0x000000008d800000, 0x000000008d800000|100%| E|CS|TAMS 0x000000008d700000| PB 0x000000008d700000| Complete 
| 216|0x000000008d800000, 0x000000008d900000, 0x000000008d900000|100%| E|CS|TAMS 0x000000008d800000| PB 0x000000008d800000| Complete 
| 217|0x000000008d900000, 0x000000008da00000, 0x000000008da00000|100%| E|CS|TAMS 0x000000008d900000| PB 0x000000008d900000| Complete 
| 218|0x000000008da00000, 0x000000008db00000, 0x000000008db00000|100%| E|CS|TAMS 0x000000008da00000| PB 0x000000008da00000| Complete 
| 219|0x000000008db00000, 0x000000008dc00000, 0x000000008dc00000|100%| E|CS|TAMS 0x000000008db00000| PB 0x000000008db00000| Complete 
| 220|0x000000008dc00000, 0x000000008dd00000, 0x000000008dd00000|100%| E|CS|TAMS 0x000000008dc00000| PB 0x000000008dc00000| Complete 
| 221|0x000000008dd00000, 0x000000008de00000, 0x000000008de00000|100%| E|CS|TAMS 0x000000008dd00000| PB 0x000000008dd00000| Complete 
| 222|0x000000008de00000, 0x000000008df00000, 0x000000008df00000|100%| E|CS|TAMS 0x000000008de00000| PB 0x000000008de00000| Complete 
| 223|0x000000008df00000, 0x000000008e000000, 0x000000008e000000|100%| E|CS|TAMS 0x000000008df00000| PB 0x000000008df00000| Complete 
| 224|0x000000008e000000, 0x000000008e100000, 0x000000008e100000|100%| E|CS|TAMS 0x000000008e000000| PB 0x000000008e000000| Complete 
| 225|0x000000008e100000, 0x000000008e200000, 0x000000008e200000|100%| E|CS|TAMS 0x000000008e100000| PB 0x000000008e100000| Complete 
| 226|0x000000008e200000, 0x000000008e300000, 0x000000008e300000|100%| E|CS|TAMS 0x000000008e200000| PB 0x000000008e200000| Complete 
| 227|0x000000008e300000, 0x000000008e400000, 0x000000008e400000|100%| E|CS|TAMS 0x000000008e300000| PB 0x000000008e300000| Complete 
| 228|0x000000008e400000, 0x000000008e500000, 0x000000008e500000|100%| S|CS|TAMS 0x000000008e400000| PB 0x000000008e400000| Complete 
| 229|0x000000008e500000, 0x000000008e600000, 0x000000008e600000|100%| S|CS|TAMS 0x000000008e500000| PB 0x000000008e500000| Complete 
| 230|0x000000008e600000, 0x000000008e700000, 0x000000008e700000|100%| E|CS|TAMS 0x000000008e600000| PB 0x000000008e600000| Complete 
| 231|0x000000008e700000, 0x000000008e800000, 0x000000008e800000|100%| E|CS|TAMS 0x000000008e700000| PB 0x000000008e700000| Complete 
| 232|0x000000008e800000, 0x000000008e900000, 0x000000008e900000|100%| E|CS|TAMS 0x000000008e800000| PB 0x000000008e800000| Complete 
| 233|0x000000008e900000, 0x000000008ea00000, 0x000000008ea00000|100%| E|CS|TAMS 0x000000008e900000| PB 0x000000008e900000| Complete 
| 234|0x000000008ea00000, 0x000000008eb00000, 0x000000008eb00000|100%| E|CS|TAMS 0x000000008ea00000| PB 0x000000008ea00000| Complete 
| 235|0x000000008eb00000, 0x000000008ec00000, 0x000000008ec00000|100%| E|CS|TAMS 0x000000008eb00000| PB 0x000000008eb00000| Complete 
| 236|0x000000008ec00000, 0x000000008ed00000, 0x000000008ed00000|100%| E|CS|TAMS 0x000000008ec00000| PB 0x000000008ec00000| Complete 
| 237|0x000000008ed00000, 0x000000008ee00000, 0x000000008ee00000|100%| E|CS|TAMS 0x000000008ed00000| PB 0x000000008ed00000| Complete 
| 238|0x000000008ee00000, 0x000000008ef00000, 0x000000008ef00000|100%| E|CS|TAMS 0x000000008ee00000| PB 0x000000008ee00000| Complete 
| 239|0x000000008ef00000, 0x000000008f000000, 0x000000008f000000|100%| E|CS|TAMS 0x000000008ef00000| PB 0x000000008ef00000| Complete 
| 240|0x000000008f000000, 0x000000008f100000, 0x000000008f100000|100%| E|CS|TAMS 0x000000008f000000| PB 0x000000008f000000| Complete 

Card table byte_map: [0x00000293343e0000,0x00000293347e0000] _byte_map_base: 0x0000029333fe0000

Marking Bits: (CMBitMap*) 0x000002931f62e440
 Bits: [0x00000293347e0000, 0x00000293367e0000)

Polling page: 0x000002931f8a0000

Metaspace:

Usage:
  Non-class:     39.15 MB used.
      Class:      6.02 MB used.
       Both:     45.16 MB used.

Virtual space:
  Non-class space:       64.00 MB reserved,      39.75 MB ( 62%) committed,  1 nodes.
      Class space:        1.00 GB reserved,       6.69 MB ( <1%) committed,  1 nodes.
             Both:        1.06 GB reserved,      46.44 MB (  4%) committed. 

Chunk freelists:
   Non-Class:  7.71 MB
       Class:  9.18 MB
        Both:  16.89 MB

MaxMetaspaceSize: unlimited
CompressedClassSpaceSize: 1.00 GB
Initial GC threshold: 21.00 MB
Current GC threshold: 59.00 MB
CDS: off
 - commit_granule_bytes: 65536.
 - commit_granule_words: 8192.
 - virtual_space_node_default_size: 8388608.
 - enlarge_chunks_in_place: 1.
 - use_allocation_guard: 0.


Internal statistics:

num_allocs_failed_limit: 6.
num_arena_births: 2244.
num_arena_deaths: 0.
num_vsnodes_births: 2.
num_vsnodes_deaths: 0.
num_space_committed: 743.
num_space_uncommitted: 0.
num_chunks_returned_to_freelist: 6.
num_chunks_taken_from_freelist: 3921.
num_chunk_merges: 6.
num_chunk_splits: 2523.
num_chunks_enlarged: 1545.
num_inconsistent_stats: 0.

CodeHeap 'non-profiled nmethods': size=120000Kb used=2192Kb max_used=2192Kb free=117807Kb
 bounds [0x000002932be20000, 0x000002932c090000, 0x0000029333350000]
CodeHeap 'profiled nmethods': size=120000Kb used=7494Kb max_used=7494Kb free=112505Kb
 bounds [0x0000029324350000, 0x0000029324ab0000, 0x000002932b880000]
CodeHeap 'non-nmethods': size=5760Kb used=2082Kb max_used=2119Kb free=3677Kb
 bounds [0x000002932b880000, 0x000002932baf0000, 0x000002932be20000]
 total_blobs=4566 nmethods=3880 adapters=590
 compilation: enabled
              stopped_count=0, restarted_count=0
 full_count=0

Compilation events (20 events):
Event: 7.793 Thread 0x00000293396ac1b0 nmethod 4291 0x0000029324a91e10 code [0x0000029324a921c0, 0x0000029324a93cc8]
Event: 7.793 Thread 0x00000293396ac1b0 4292       3       java.lang.invoke.InnerClassLambdaMetafactory$ForwardingMethodGenerator::convertArgumentTypes (96 bytes)
Event: 7.794 Thread 0x00000293396ac1b0 nmethod 4292 0x0000029324a94590 code [0x0000029324a94800, 0x0000029324a95218]
Event: 7.794 Thread 0x00000293396ac1b0 4287       3       java.lang.invoke.LambdaProxyClassArchive::loadedByBuiltinLoader (22 bytes)
Event: 7.794 Thread 0x00000293396ac1b0 nmethod 4287 0x0000029324a95790 code [0x0000029324a95960, 0x0000029324a95d38]
Event: 7.794 Thread 0x00000293396ac1b0 4290       3       java.lang.invoke.InnerClassLambdaMetafactory$ForwardingMethodGenerator::<init> (11 bytes)
Event: 7.794 Thread 0x00000293396ac1b0 nmethod 4290 0x0000029324a95e90 code [0x0000029324a96040, 0x0000029324a96240]
Event: 7.794 Thread 0x00000293396ac1b0 4293       3       java.lang.invoke.InnerClassLambdaMetafactory::getReturnOpcode (20 bytes)
Event: 7.794 Thread 0x00000293396ac1b0 nmethod 4293 0x0000029324a96310 code [0x0000029324a964c0, 0x0000029324a96640]
Event: 7.794 Thread 0x00000293396ac1b0 4294       3       java.lang.invoke.MethodHandles$Lookup::getDirectConstructor (10 bytes)
Event: 7.794 Thread 0x00000293396ac1b0 nmethod 4294 0x0000029324a96710 code [0x0000029324a968c0, 0x0000029324a96a00]
Event: 7.805 Thread 0x00000293396ac1b0 4295       3       java.lang.invoke.InnerClassLambdaMetafactory::spinInnerClass (118 bytes)
Event: 7.805 Thread 0x00000293396ac1b0 nmethod 4295 0x0000029324a96a90 code [0x0000029324a96c60, 0x0000029324a96f38]
Event: 7.805 Thread 0x00000293396ac1b0 4296       3       java.lang.invoke.MethodHandles$Lookup::findConstructor (61 bytes)
Event: 7.806 Thread 0x00000293396ac1b0 nmethod 4296 0x0000029324a97010 code [0x0000029324a97280, 0x0000029324a97a30]
Event: 7.806 Thread 0x00000293396ac1b0 4297  s    2       jdk.internal.loader.Resource::cachedInputStream (20 bytes)
Event: 7.806 Thread 0x00000293396ac1b0 nmethod 4297 0x0000029324a97d90 code [0x0000029324a97f40, 0x0000029324a981b0]
Event: 7.807 Thread 0x00000293396ac1b0 4298       3       java.lang.ClassLoader::getClassLoadingLock (35 bytes)
Event: 7.808 Thread 0x00000293396ac1b0 nmethod 4298 0x0000029324a98290 code [0x0000029324a98460, 0x0000029324a98738]
Event: 7.972 Thread 0x00000293396ac1b0 4299   !   3       java.util.concurrent.locks.AbstractQueuedSynchronizer::tryInitializeHead (66 bytes)

GC Heap History (20 events):
Event: 2.482 GC heap before
{Heap before GC invocations=3 (full 0):
 garbage-first heap   total 126976K, used 31281K [0x0000000080000000, 0x0000000100000000)
  region size 1024K, 24 young (24576K), 10 survivors (10240K)
 Metaspace       used 21142K, committed 21504K, reserved 1114112K
  class space    used 2430K, committed 2624K, reserved 1048576K
}
Event: 2.488 GC heap after
{Heap after GC invocations=4 (full 0):
 garbage-first heap   total 126976K, used 20667K [0x0000000080000000, 0x0000000100000000)
  region size 1024K, 2 young (2048K), 2 survivors (2048K)
 Metaspace       used 21142K, committed 21504K, reserved 1114112K
  class space    used 2430K, committed 2624K, reserved 1048576K
}
Event: 5.418 GC heap before
{Heap before GC invocations=5 (full 0):
 garbage-first heap   total 71680K, used 60603K [0x0000000080000000, 0x0000000100000000)
  region size 1024K, 42 young (43008K), 2 survivors (2048K)
 Metaspace       used 27911K, committed 28416K, reserved 1114112K
  class space    used 3482K, committed 3712K, reserved 1048576K
}
Event: 5.421 GC heap after
{Heap after GC invocations=6 (full 0):
 garbage-first heap   total 71680K, used 22601K [0x0000000080000000, 0x0000000100000000)
  region size 1024K, 4 young (4096K), 4 survivors (4096K)
 Metaspace       used 27911K, committed 28416K, reserved 1114112K
  class space    used 3482K, committed 3712K, reserved 1048576K
}
Event: 5.851 GC heap before
{Heap before GC invocations=6 (full 0):
 garbage-first heap   total 71680K, used 55369K [0x0000000080000000, 0x0000000100000000)
  region size 1024K, 37 young (37888K), 4 survivors (4096K)
 Metaspace       used 32403K, committed 33152K, reserved 1114112K
  class space    used 4252K, committed 4608K, reserved 1048576K
}
Event: 5.856 GC heap after
{Heap after GC invocations=7 (full 0):
 garbage-first heap   total 71680K, used 24950K [0x0000000080000000, 0x0000000100000000)
  region size 1024K, 5 young (5120K), 5 survivors (5120K)
 Metaspace       used 32403K, committed 33152K, reserved 1114112K
  class space    used 4252K, committed 4608K, reserved 1048576K
}
Event: 6.097 GC heap before
{Heap before GC invocations=7 (full 0):
 garbage-first heap   total 71680K, used 43382K [0x0000000080000000, 0x0000000100000000)
  region size 1024K, 25 young (25600K), 5 survivors (5120K)
 Metaspace       used 35258K, committed 36096K, reserved 1114112K
  class space    used 4720K, committed 5120K, reserved 1048576K
}
Event: 6.102 GC heap after
{Heap after GC invocations=8 (full 0):
 garbage-first heap   total 71680K, used 25964K [0x0000000080000000, 0x0000000100000000)
  region size 1024K, 4 young (4096K), 4 survivors (4096K)
 Metaspace       used 35258K, committed 36096K, reserved 1114112K
  class space    used 4720K, committed 5120K, reserved 1048576K
}
Event: 6.416 GC heap before
{Heap before GC invocations=9 (full 0):
 garbage-first heap   total 71680K, used 59756K [0x0000000080000000, 0x0000000100000000)
  region size 1024K, 37 young (37888K), 4 survivors (4096K)
 Metaspace       used 39514K, committed 40704K, reserved 1114112K
  class space    used 5419K, committed 6016K, reserved 1048576K
}
Event: 7.432 GC heap after
{Heap after GC invocations=10 (full 0):
 garbage-first heap   total 86016K, used 27847K [0x0000000080000000, 0x0000000100000000)
  region size 1024K, 3 young (3072K), 3 survivors (3072K)
 Metaspace       used 39514K, committed 40704K, reserved 1114112K
  class space    used 5419K, committed 6016K, reserved 1048576K
}
Event: 7.447 GC heap before
{Heap before GC invocations=10 (full 0):
 garbage-first heap   total 86016K, used 28871K [0x0000000080000000, 0x0000000100000000)
  region size 1024K, 4 young (4096K), 3 survivors (3072K)
 Metaspace       used 39776K, committed 40960K, reserved 1114112K
  class space    used 5443K, committed 6016K, reserved 1048576K
}
Event: 7.451 GC heap after
{Heap after GC invocations=11 (full 0):
 garbage-first heap   total 86016K, used 28120K [0x0000000080000000, 0x0000000100000000)
  region size 1024K, 1 young (1024K), 1 survivors (1024K)
 Metaspace       used 39776K, committed 40960K, reserved 1114112K
  class space    used 5443K, committed 6016K, reserved 1048576K
}
Event: 7.488 GC heap before
{Heap before GC invocations=11 (full 0):
 garbage-first heap   total 86016K, used 30168K [0x0000000080000000, 0x0000000100000000)
  region size 1024K, 4 young (4096K), 1 survivors (1024K)
 Metaspace       used 40424K, committed 41536K, reserved 1114112K
  class space    used 5529K, committed 6080K, reserved 1048576K
}
Event: 7.489 GC heap after
{Heap after GC invocations=12 (full 0):
 garbage-first heap   total 86016K, used 27985K [0x0000000080000000, 0x0000000100000000)
  region size 1024K, 1 young (1024K), 1 survivors (1024K)
 Metaspace       used 40424K, committed 41536K, reserved 1114112K
  class space    used 5529K, committed 6080K, reserved 1048576K
}
Event: 7.525 GC heap before
{Heap before GC invocations=12 (full 0):
 garbage-first heap   total 86016K, used 30033K [0x0000000080000000, 0x0000000100000000)
  region size 1024K, 4 young (4096K), 1 survivors (1024K)
 Metaspace       used 40896K, committed 41984K, reserved 1114112K
  class space    used 5607K, committed 6144K, reserved 1048576K
}
Event: 7.526 GC heap after
{Heap after GC invocations=13 (full 0):
 garbage-first heap   total 86016K, used 28413K [0x0000000080000000, 0x0000000100000000)
  region size 1024K, 1 young (1024K), 1 survivors (1024K)
 Metaspace       used 40896K, committed 41984K, reserved 1114112K
  class space    used 5607K, committed 6144K, reserved 1048576K
}
Event: 7.552 GC heap before
{Heap before GC invocations=13 (full 0):
 garbage-first heap   total 86016K, used 31485K [0x0000000080000000, 0x0000000100000000)
  region size 1024K, 4 young (4096K), 1 survivors (1024K)
 Metaspace       used 41582K, committed 42752K, reserved 1114112K
  class space    used 5637K, committed 6208K, reserved 1048576K
}
Event: 7.554 GC heap after
{Heap after GC invocations=14 (full 0):
 garbage-first heap   total 246784K, used 28745K [0x0000000080000000, 0x0000000100000000)
  region size 1024K, 1 young (1024K), 1 survivors (1024K)
 Metaspace       used 41582K, committed 42752K, reserved 1114112K
  class space    used 5637K, committed 6208K, reserved 1048576K
}
Event: 7.695 GC heap before
{Heap before GC invocations=14 (full 0):
 garbage-first heap   total 246784K, used 38985K [0x0000000080000000, 0x0000000100000000)
  region size 1024K, 12 young (12288K), 1 survivors (1024K)
 Metaspace       used 45090K, committed 46272K, reserved 1114112K
  class space    used 6012K, committed 6592K, reserved 1048576K
}
Event: 7.697 GC heap after
{Heap after GC invocations=15 (full 0):
 garbage-first heap   total 246784K, used 30076K [0x0000000080000000, 0x0000000100000000)
  region size 1024K, 2 young (2048K), 2 survivors (2048K)
 Metaspace       used 45090K, committed 46272K, reserved 1114112K
  class space    used 6012K, committed 6592K, reserved 1048576K
}

Dll operation events (3 events):
Event: 0.023 Loaded shared library C:\Program Files\Android\Android Studio2\jbr\bin\java.dll
Event: 0.039 Loaded shared library C:\Program Files\Android\Android Studio2\jbr\bin\zip.dll
Event: 0.594 Loaded shared library C:\Program Files\Android\Android Studio2\jbr\bin\verify.dll

Deoptimization events (20 events):
Event: 7.676 Thread 0x000002933f291630 Uncommon trap: trap_request=0xffffff45 fr.pc=0x000002932bfac4c4 relative=0x0000000000004c44
Event: 7.676 Thread 0x000002933f291630 Uncommon trap: reason=unstable_if action=reinterpret pc=0x000002932bfac4c4 method=java.lang.ClassLoader.getClassLoadingLock(Ljava/lang/String;)Ljava/lang/Object; @ 6 c2
Event: 7.676 Thread 0x000002933f291630 DEOPT PACKING pc=0x000002932bfac4c4 sp=0x000000c2aeff8b30
Event: 7.676 Thread 0x000002933f291630 DEOPT UNPACKING pc=0x000002932b8d7da2 sp=0x000000c2aeff8b10 mode 2
Event: 7.683 Thread 0x000002933f291630 Uncommon trap: trap_request=0xffffffc6 fr.pc=0x000002932bffa134 relative=0x00000000000038b4
Event: 7.683 Thread 0x000002933f291630 Uncommon trap: reason=bimorphic_or_optimized_type_check action=maybe_recompile pc=0x000002932bffa134 method=java.net.URL.<init>(Ljava/net/URL;Ljava/lang/String;Ljava/net/URLStreamHandler;)V @ 504 c2
Event: 7.683 Thread 0x000002933f291630 DEOPT PACKING pc=0x000002932bffa134 sp=0x000000c2aeff8270
Event: 7.683 Thread 0x000002933f291630 DEOPT UNPACKING pc=0x000002932b8d7da2 sp=0x000000c2aeff81f0 mode 2
Event: 7.725 Thread 0x000002933f291630 Uncommon trap: trap_request=0xffffff45 fr.pc=0x000002932bf63e18 relative=0x00000000000000f8
Event: 7.725 Thread 0x000002933f291630 Uncommon trap: reason=unstable_if action=reinterpret pc=0x000002932bf63e18 method=java.lang.ClassLoader.getClassLoadingLock(Ljava/lang/String;)Ljava/lang/Object; @ 6 c2
Event: 7.725 Thread 0x000002933f291630 DEOPT PACKING pc=0x000002932bf63e18 sp=0x000000c2aeff8b50
Event: 7.725 Thread 0x000002933f291630 DEOPT UNPACKING pc=0x000002932b8d7da2 sp=0x000000c2aeff8ad0 mode 2
Event: 7.728 Thread 0x000002933f291630 Uncommon trap: trap_request=0xffffff6e fr.pc=0x000002932c029e0c relative=0x000000000000084c
Event: 7.728 Thread 0x000002933f291630 Uncommon trap: reason=loop_limit_check action=maybe_recompile pc=0x000002932c029e0c method=java.util.regex.Pattern$Start.match(Ljava/util/regex/Matcher;ILjava/lang/CharSequence;)Z @ 34 c2
Event: 7.728 Thread 0x000002933f291630 DEOPT PACKING pc=0x000002932c029e0c sp=0x000000c2aeff88e0
Event: 7.728 Thread 0x000002933f291630 DEOPT UNPACKING pc=0x000002932b8d7da2 sp=0x000000c2aeff8850 mode 2
Event: 7.752 Thread 0x000002933f291630 Uncommon trap: trap_request=0xffffff6e fr.pc=0x000002932bf00dac relative=0x00000000000003ec
Event: 7.752 Thread 0x000002933f291630 Uncommon trap: reason=loop_limit_check action=maybe_recompile pc=0x000002932bf00dac method=java.lang.StringLatin1.indexOf([BI[BII)I @ 37 c2
Event: 7.752 Thread 0x000002933f291630 DEOPT PACKING pc=0x000002932bf00dac sp=0x000000c2aeff8420
Event: 7.752 Thread 0x000002933f291630 DEOPT UNPACKING pc=0x000002932b8d7da2 sp=0x000000c2aeff8380 mode 2

Classes loaded (20 events):
Event: 7.730 Loading class java/nio/ByteBufferAsIntBufferL
Event: 7.730 Loading class java/nio/ByteBufferAsIntBufferL done
Event: 7.731 Loading class jdk/internal/jrtfs/JrtFileAttributes
Event: 7.731 Loading class jdk/internal/jrtfs/JrtFileAttributes done
Event: 7.731 Loading class jdk/internal/jrtfs/JrtDirectoryStream
Event: 7.732 Loading class jdk/internal/jrtfs/JrtDirectoryStream done
Event: 7.732 Loading class jdk/internal/jrtfs/JrtDirectoryStream$1
Event: 7.732 Loading class jdk/internal/jrtfs/JrtDirectoryStream$1 done
Event: 7.732 Loading class java/util/function/BooleanSupplier
Event: 7.732 Loading class java/util/function/BooleanSupplier done
Event: 7.732 Loading class jdk/internal/jimage/ImageReader$Resource
Event: 7.732 Loading class jdk/internal/jimage/ImageReader$Resource done
Event: 7.778 Loading class java/util/WeakHashMap$KeyIterator
Event: 7.778 Loading class java/util/WeakHashMap$HashIterator
Event: 7.778 Loading class java/util/WeakHashMap$HashIterator done
Event: 7.778 Loading class java/util/WeakHashMap$KeyIterator done
Event: 7.809 Loading class sun/nio/fs/WindowsPath$1
Event: 7.809 Loading class sun/nio/fs/WindowsPath$1 done
Event: 7.810 Loading class sun/nio/fs/WindowsException
Event: 7.810 Loading class sun/nio/fs/WindowsException done

Classes unloaded (0 events):
No events

Classes redefined (0 events):
No events

Internal exceptions (20 events):
Event: 7.504 Thread 0x000002933f291630 Exception <a 'java/lang/NoSuchMethodError'{0x0000000086d5f030}: 'java.lang.reflect.Method[] java.lang.Class.getDeclaredMethods(java.lang.Class)'> (0x0000000086d5f030) 
thrown [s\src\hotspot\share\interpreter\linkResolver.cpp, line 784]
Event: 7.521 Thread 0x000002933f291630 Exception <a 'java/lang/NoSuchMethodError'{0x0000000086ca1d98}: 'void java.lang.invoke.DirectMethodHandle$Holder.invokeStaticInit(java.lang.Object, java.lang.Object, java.lang.Object)'> (0x0000000086ca1d98) 
thrown [s\src\hotspot\share\interpreter\linkResolver.cpp, line 784]
Event: 7.522 Thread 0x000002933f291630 Exception <a 'java/lang/NoSuchMethodError'{0x0000000086cc6310}: 'void java.lang.invoke.DirectMethodHandle$Holder.invokeStaticInit(java.lang.Object, java.lang.Object, java.lang.Object, java.lang.Object, java.lang.Object)'> (0x0000000086cc6310) 
thrown [s\src\hotspot\share\interpreter\linkResolver.cpp, line 784]
Event: 7.528 Thread 0x000002933f291630 Exception <a 'java/lang/NoSuchMethodError'{0x0000000087b1f918}: 'int java.lang.invoke.DirectMethodHandle$Holder.invokeStaticInit(java.lang.Object, java.lang.Object, java.lang.Object, java.lang.Object)'> (0x0000000087b1f918) 
thrown [s\src\hotspot\share\interpreter\linkResolver.cpp, line 784]
Event: 7.643 Thread 0x000002933f291630 Exception <a 'java/lang/ClassNotFoundException'{0x000000008ea2e5c8}: groovy/lang/ExpandoMetaClassBeanInfo> (0x000000008ea2e5c8) 
thrown [s\src\hotspot\share\classfile\systemDictionary.cpp, line 312]
Event: 7.643 Thread 0x000002933f291630 Exception <a 'java/lang/ClassNotFoundException'{0x000000008ea36960}: groovy/lang/MetaClassImplBeanInfo> (0x000000008ea36960) 
thrown [s\src\hotspot\share\classfile\systemDictionary.cpp, line 312]
Event: 7.643 Thread 0x000002933f291630 Exception <a 'java/lang/ClassNotFoundException'{0x000000008ea3b630}: java/lang/ObjectBeanInfo> (0x000000008ea3b630) 
thrown [s\src\hotspot\share\classfile\systemDictionary.cpp, line 312]
Event: 7.644 Thread 0x000002933f291630 Exception <a 'java/lang/ClassNotFoundException'{0x000000008ea41058}: java/lang/ObjectCustomizer> (0x000000008ea41058) 
thrown [s\src\hotspot\share\classfile\systemDictionary.cpp, line 312]
Event: 7.646 Thread 0x000002933f291630 Exception <a 'java/lang/IncompatibleClassChangeError'{0x000000008ea4fa80}: Found class java.lang.Object, but interface was expected> (0x000000008ea4fa80) 
thrown [s\src\hotspot\share\interpreter\linkResolver.cpp, line 851]
Event: 7.647 Thread 0x000002933f291630 Exception <a 'java/lang/ClassNotFoundException'{0x000000008ea69c10}: groovy/lang/MetaClassImplCustomizer> (0x000000008ea69c10) 
thrown [s\src\hotspot\share\classfile\systemDictionary.cpp, line 312]
Event: 7.649 Thread 0x000002933f291630 Exception <a 'java/lang/ClassNotFoundException'{0x000000008ea92320}: groovy/lang/ExpandoMetaClassCustomizer> (0x000000008ea92320) 
thrown [s\src\hotspot\share\classfile\systemDictionary.cpp, line 312]
Event: 7.782 Thread 0x000002933f291630 Exception <a 'java/lang/ClassNotFoundException'{0x000000008d994830}: org/gradle/internal/extensibility/DefaultExtraPropertiesExtensionBeanInfo> (0x000000008d994830) 
thrown [s\src\hotspot\share\classfile\systemDictionary.cpp, line 312]
Event: 7.782 Thread 0x000002933f291630 Exception <a 'java/lang/ClassNotFoundException'{0x000000008d99cf40}: groovy/lang/GroovyObjectSupportBeanInfo> (0x000000008d99cf40) 
thrown [s\src\hotspot\share\classfile\systemDictionary.cpp, line 312]
Event: 7.782 Thread 0x000002933f291630 Exception <a 'java/lang/ClassNotFoundException'{0x000000008d9a53b0}: groovy/lang/GroovyObjectSupportCustomizer> (0x000000008d9a53b0) 
thrown [s\src\hotspot\share\classfile\systemDictionary.cpp, line 312]
Event: 7.784 Thread 0x000002933f291630 Exception <a 'java/lang/ClassNotFoundException'{0x000000008d9bf370}: org/gradle/internal/extensibility/DefaultExtraPropertiesExtensionCustomizer> (0x000000008d9bf370) 
thrown [s\src\hotspot\share\classfile\systemDictionary.cpp, line 312]
Event: 7.787 Thread 0x000002933f291630 Exception <a 'java/lang/IncompatibleClassChangeError'{0x000000008d9da4c0}: Found class java.lang.Object, but interface was expected> (0x000000008d9da4c0) 
thrown [s\src\hotspot\share\interpreter\linkResolver.cpp, line 851]
Event: 7.810 Thread 0x000002933f291630 Exception <a 'sun/nio/fs/WindowsException'{0x000000008d8bb4b0}> (0x000000008d8bb4b0) 
thrown [s\src\hotspot\share\prims\jni.cpp, line 535]
Event: 7.811 Thread 0x000002933f291630 Exception <a 'sun/nio/fs/WindowsException'{0x000000008d8bcc98}> (0x000000008d8bcc98) 
thrown [s\src\hotspot\share\prims\jni.cpp, line 535]
Event: 7.811 Thread 0x000002933f291630 Exception <a 'sun/nio/fs/WindowsException'{0x000000008d8be428}> (0x000000008d8be428) 
thrown [s\src\hotspot\share\prims\jni.cpp, line 535]
Event: 7.811 Thread 0x000002933f291630 Exception <a 'sun/nio/fs/WindowsException'{0x000000008d8bf6d0}> (0x000000008d8bf6d0) 
thrown [s\src\hotspot\share\prims\jni.cpp, line 535]

ZGC Phase Switch (0 events):
No events

VM Operations (20 events):
Event: 7.489 Executing VM operation: G1CollectForAllocation (G1 Evacuation Pause) done
Event: 7.500 Executing VM operation: HandshakeAllThreads (Deoptimize)
Event: 7.500 Executing VM operation: HandshakeAllThreads (Deoptimize) done
Event: 7.525 Executing VM operation: G1CollectForAllocation (G1 Evacuation Pause)
Event: 7.526 Executing VM operation: G1CollectForAllocation (G1 Evacuation Pause) done
Event: 7.552 Executing VM operation: G1CollectForAllocation (G1 Evacuation Pause)
Event: 7.554 Executing VM operation: G1CollectForAllocation (G1 Evacuation Pause) done
Event: 7.586 Executing VM operation: HandshakeAllThreads (Deoptimize)
Event: 7.586 Executing VM operation: HandshakeAllThreads (Deoptimize) done
Event: 7.683 Executing VM operation: HandshakeAllThreads (Deoptimize)
Event: 7.683 Executing VM operation: HandshakeAllThreads (Deoptimize) done
Event: 7.683 Executing VM operation: HandshakeAllThreads (Deoptimize)
Event: 7.684 Executing VM operation: HandshakeAllThreads (Deoptimize) done
Event: 7.686 Executing VM operation: HandshakeAllThreads (Deoptimize)
Event: 7.686 Executing VM operation: HandshakeAllThreads (Deoptimize) done
Event: 7.695 Executing VM operation: G1CollectForAllocation (G1 Evacuation Pause)
Event: 7.697 Executing VM operation: G1CollectForAllocation (G1 Evacuation Pause) done
Event: 7.731 Executing VM operation: HandshakeAllThreads (Deoptimize)
Event: 7.731 Executing VM operation: HandshakeAllThreads (Deoptimize) done
Event: 8.734 Executing VM operation: Cleanup

Memory protections (0 events):
No events

Nmethod flushes (20 events):
Event: 6.110 Thread 0x00000293395f2a80 flushing  nmethod 0x00000293243bc690
Event: 6.110 Thread 0x00000293395f2a80 flushing  nmethod 0x00000293243bcf10
Event: 6.110 Thread 0x00000293395f2a80 flushing  nmethod 0x00000293243bdc10
Event: 6.110 Thread 0x00000293395f2a80 flushing  nmethod 0x00000293243be510
Event: 6.110 Thread 0x00000293395f2a80 flushing  nmethod 0x00000293243bf610
Event: 6.110 Thread 0x00000293395f2a80 flushing  nmethod 0x00000293243c0490
Event: 6.110 Thread 0x00000293395f2a80 flushing  nmethod 0x0000029324413090
Event: 6.110 Thread 0x00000293395f2a80 flushing  nmethod 0x0000029324413990
Event: 6.110 Thread 0x00000293395f2a80 flushing  nmethod 0x0000029324414790
Event: 6.110 Thread 0x00000293395f2a80 flushing  nmethod 0x0000029324415690
Event: 6.110 Thread 0x00000293395f2a80 flushing  nmethod 0x0000029324419710
Event: 6.110 Thread 0x00000293395f2a80 flushing  nmethod 0x0000029324419d10
Event: 6.110 Thread 0x00000293395f2a80 flushing  nmethod 0x00000293244ab690
Event: 6.110 Thread 0x00000293395f2a80 flushing  nmethod 0x00000293244b8610
Event: 6.110 Thread 0x00000293395f2a80 flushing  nmethod 0x000002932450f010
Event: 6.110 Thread 0x00000293395f2a80 flushing  nmethod 0x0000029324512c90
Event: 6.110 Thread 0x00000293395f2a80 flushing  nmethod 0x0000029324582c90
Event: 6.110 Thread 0x00000293395f2a80 flushing  nmethod 0x000002932458eb10
Event: 6.110 Thread 0x00000293395f2a80 flushing  nmethod 0x000002932468d910
Event: 6.110 Thread 0x00000293395f2a80 flushing  nmethod 0x00000293246f8890

Events (20 events):
Event: 2.343 Thread 0x000002933e6b66a0 Thread added: 0x000002933f699930
Event: 2.380 Thread 0x000002933e6b66a0 Thread added: 0x000002933eeec810
Event: 2.390 Thread 0x000002933e6b66a0 Thread added: 0x000002933f291630
Event: 2.401 Thread 0x000002933f291630 Thread added: 0x000002933fc8a360
Event: 2.405 Thread 0x000002933f291630 Thread added: 0x000002933fbb5590
Event: 2.409 Thread 0x000002933f291630 Thread added: 0x000002933fbb4f00
Event: 2.889 Thread 0x000002933f291630 Thread added: 0x000002933fbb7cf0
Event: 2.905 Thread 0x000002933f291630 Thread added: 0x000002933fbb4870
Event: 2.936 Thread 0x000002933f291630 Thread added: 0x000002933fbb6fd0
Event: 5.607 Thread 0x000002933f291630 Thread added: 0x000002933fbb62b0
Event: 5.792 Thread 0x000002933f291630 Thread added: 0x000002933fbb7660
Event: 5.803 Thread 0x000002933f291630 Thread added: 0x000002933fbb6940
Event: 5.972 Thread 0x000002933f291630 Thread added: 0x000002933e524330
Event: 5.976 Thread 0x000002933f291630 Thread added: 0x000002933e525d70
Event: 6.169 Thread 0x000002933f291630 Thread added: 0x000002933e5249c0
Event: 6.270 Thread 0x000002933f291630 Thread added: 0x000002933e525050
Event: 6.348 Thread 0x000002933f291630 Thread added: 0x000002933e5256e0
Event: 7.433 Thread 0x000002933e0030b0 Thread exited: 0x000002933e0030b0
Event: 7.487 Thread 0x00000293396ac1b0 Thread added: 0x0000029340c25940
Event: 7.527 Thread 0x00000293396ac1b0 Thread added: 0x00000293394281a0


Dynamic libraries:
0x00007ff7b3eb0000 - 0x00007ff7b3eba000 	C:\Program Files\Android\Android Studio2\jbr\bin\java.exe
0x00007ffbfb0c0000 - 0x00007ffbfb326000 	C:\WINDOWS\SYSTEM32\ntdll.dll
0x00007ffbfa250000 - 0x00007ffbfa319000 	C:\WINDOWS\System32\KERNEL32.DLL
0x00007ffbf8250000 - 0x00007ffbf861c000 	C:\WINDOWS\System32\KERNELBASE.dll
0x00007ffbf8a30000 - 0x00007ffbf8b7b000 	C:\WINDOWS\System32\ucrtbase.dll
0x00007ffbf04e0000 - 0x00007ffbf04fb000 	C:\Program Files\Android\Android Studio2\jbr\bin\VCRUNTIME140.dll
0x00007ffbba3e0000 - 0x00007ffbba3f8000 	C:\Program Files\Android\Android Studio2\jbr\bin\jli.dll
0x00007ffbfa320000 - 0x00007ffbfa4ea000 	C:\WINDOWS\System32\USER32.dll
0x00007ffbf8e50000 - 0x00007ffbf8e77000 	C:\WINDOWS\System32\win32u.dll
0x00007ffbfb050000 - 0x00007ffbfb07b000 	C:\WINDOWS\System32\GDI32.dll
0x00007ffbf86e0000 - 0x00007ffbf8812000 	C:\WINDOWS\System32\gdi32full.dll
0x00007ffbf8b80000 - 0x00007ffbf8c23000 	C:\WINDOWS\System32\msvcp_win.dll
0x00007ffbdda10000 - 0x00007ffbddcaa000 	C:\WINDOWS\WinSxS\amd64_microsoft.windows.common-controls_6595b64144ccf1df_6.0.26100.3912_none_3e07963ce335137e\COMCTL32.dll
0x00007ffbfaa30000 - 0x00007ffbfaad9000 	C:\WINDOWS\System32\msvcrt.dll
0x00007ffbf9c70000 - 0x00007ffbf9ca0000 	C:\WINDOWS\System32\IMM32.DLL
0x00000000500b0000 - 0x00000000500bc000 	C:\Program Files (x86)\360\Total Security\safemon\SafeWrapper.dll
0x00007ffbfaf80000 - 0x00007ffbfb032000 	C:\WINDOWS\System32\ADVAPI32.dll
0x00007ffbf9f10000 - 0x00007ffbf9fb6000 	C:\WINDOWS\System32\sechost.dll
0x00007ffbf9df0000 - 0x00007ffbf9f06000 	C:\WINDOWS\System32\RPCRT4.dll
0x00007ffb8c0a0000 - 0x00007ffb8c14c000 	C:\Program Files (x86)\360\Total Security\safemon\libzdtp64.dll
0x00007ffbf9300000 - 0x00007ffbf9a2d000 	C:\WINDOWS\System32\SHELL32.dll
0x00007ffbf88b0000 - 0x00007ffbf8a24000 	C:\WINDOWS\System32\wintypes.dll
0x00007ffbfaae0000 - 0x00007ffbfae64000 	C:\WINDOWS\System32\combase.dll
0x00007ffbfaf10000 - 0x00007ffbfaf79000 	C:\WINDOWS\System32\SHLWAPI.dll
0x00007ffbf7d10000 - 0x00007ffbf7d1b000 	C:\WINDOWS\SYSTEM32\VERSION.dll
0x00007ffbf2340000 - 0x00007ffbf234c000 	C:\Program Files\Android\Android Studio2\jbr\bin\vcruntime140_1.dll
0x00007ffb9ca50000 - 0x00007ffb9cadd000 	C:\Program Files\Android\Android Studio2\jbr\bin\msvcp140.dll
0x00007ffb82380000 - 0x00007ffb8300a000 	C:\Program Files\Android\Android Studio2\jbr\bin\server\jvm.dll
0x00007ffbfae70000 - 0x00007ffbfaee4000 	C:\WINDOWS\System32\WS2_32.dll
0x00007ffbf80a0000 - 0x00007ffbf80fe000 	C:\WINDOWS\SYSTEM32\POWRPROF.dll
0x00007ffbec030000 - 0x00007ffbec066000 	C:\WINDOWS\SYSTEM32\WINMM.dll
0x00007ffbf8080000 - 0x00007ffbf8094000 	C:\WINDOWS\SYSTEM32\UMPDC.dll
0x00007ffbf6fa0000 - 0x00007ffbf6fba000 	C:\WINDOWS\SYSTEM32\kernel.appcore.dll
0x00007ffbf04d0000 - 0x00007ffbf04da000 	C:\Program Files\Android\Android Studio2\jbr\bin\jimage.dll
0x00007ffbf5ac0000 - 0x00007ffbf5d01000 	C:\WINDOWS\SYSTEM32\DBGHELP.DLL
0x00007ffbf8f80000 - 0x00007ffbf9060000 	C:\WINDOWS\System32\OLEAUT32.dll
0x00007ffba2ba0000 - 0x00007ffba2bd9000 	C:\WINDOWS\SYSTEM32\dbgcore.DLL
0x00007ffbf8db0000 - 0x00007ffbf8e49000 	C:\WINDOWS\System32\bcryptPrimitives.dll
0x00007ffbcb5c0000 - 0x00007ffbcb5ce000 	C:\Program Files\Android\Android Studio2\jbr\bin\instrument.dll
0x00007ffbe53e0000 - 0x00007ffbe5400000 	C:\Program Files\Android\Android Studio2\jbr\bin\java.dll
0x00007ffbddcb0000 - 0x00007ffbddcc8000 	C:\Program Files\Android\Android Studio2\jbr\bin\zip.dll
0x00007ffbf5e20000 - 0x00007ffbf6676000 	C:\WINDOWS\SYSTEM32\windows.storage.dll
0x00007ffbf8e80000 - 0x00007ffbf8f6f000 	C:\WINDOWS\System32\SHCORE.dll
0x00007ffbf8160000 - 0x00007ffbf818f000 	C:\WINDOWS\SYSTEM32\profapi.dll
0x00007ffbeb150000 - 0x00007ffbeb160000 	C:\Program Files\Android\Android Studio2\jbr\bin\net.dll
0x00007ffbeeff0000 - 0x00007ffbef10e000 	C:\WINDOWS\SYSTEM32\WINHTTP.dll
0x00007ffbf7510000 - 0x00007ffbf757a000 	C:\WINDOWS\system32\mswsock.dll
0x00007ffbda690000 - 0x00007ffbda6a6000 	C:\Program Files\Android\Android Studio2\jbr\bin\nio.dll
0x00007ffbd1c50000 - 0x00007ffbd1c60000 	C:\Program Files\Android\Android Studio2\jbr\bin\verify.dll
0x00007ffbaf8c0000 - 0x00007ffbaf8e7000 	C:\Users\ASCOM\OneDrive\Desktop\Smartphone Apps\Exercise 1 Hello World\native\c067742578af261105cb4f569cf0c3c89f3d7b1fecec35dd04571415982c5e48\windows-amd64\native-platform.dll
0x00007ffb89d20000 - 0x00007ffb89e64000 	C:\Users\ASCOM\OneDrive\Desktop\Smartphone Apps\Exercise 1 Hello World\native\100fb08df4bc3b14c8652ba06237920a3bd2aa13389f12d3474272988ae205f9\windows-amd64\native-platform-file-events.dll
0x00007ffbe3b90000 - 0x00007ffbe3b99000 	C:\Program Files\Android\Android Studio2\jbr\bin\management.dll
0x00007ffbde340000 - 0x00007ffbde34b000 	C:\Program Files\Android\Android Studio2\jbr\bin\management_ext.dll
0x00007ffbf9de0000 - 0x00007ffbf9de8000 	C:\WINDOWS\System32\PSAPI.DLL
0x00007ffbf77b0000 - 0x00007ffbf77cc000 	C:\WINDOWS\SYSTEM32\CRYPTSP.dll
0x00007ffbf6f00000 - 0x00007ffbf6f3a000 	C:\WINDOWS\system32\rsaenh.dll
0x00007ffbf75b0000 - 0x00007ffbf75db000 	C:\WINDOWS\SYSTEM32\USERENV.dll
0x00007ffbf8130000 - 0x00007ffbf8156000 	C:\WINDOWS\SYSTEM32\bcrypt.dll
0x00007ffbf77d0000 - 0x00007ffbf77dc000 	C:\WINDOWS\SYSTEM32\CRYPTBASE.dll
0x00007ffbf6930000 - 0x00007ffbf6963000 	C:\WINDOWS\SYSTEM32\IPHLPAPI.DLL
0x00007ffbfb040000 - 0x00007ffbfb04a000 	C:\WINDOWS\System32\NSI.dll
0x00007ffbe3c90000 - 0x00007ffbe3c99000 	C:\Program Files\Android\Android Studio2\jbr\bin\extnet.dll
0x00007ffbdb9c0000 - 0x00007ffbdb9c8000 	C:\WINDOWS\system32\wshunix.dll

dbghelp: loaded successfully - version: 4.0.5 - missing functions: none
symbol engine: initialized successfully - sym options: 0x614 - pdb path: .;C:\Program Files\Android\Android Studio2\jbr\bin;C:\WINDOWS\SYSTEM32;C:\WINDOWS\WinSxS\amd64_microsoft.windows.common-controls_6595b64144ccf1df_6.0.26100.3912_none_3e07963ce335137e;C:\Program Files (x86)\360\Total Security\safemon;C:\Program Files\Android\Android Studio2\jbr\bin\server;C:\Users\ASCOM\OneDrive\Desktop\Smartphone Apps\Exercise 1 Hello World\native\c067742578af261105cb4f569cf0c3c89f3d7b1fecec35dd04571415982c5e48\windows-amd64;C:\Users\ASCOM\OneDrive\Desktop\Smartphone Apps\Exercise 1 Hello World\native\100fb08df4bc3b14c8652ba06237920a3bd2aa13389f12d3474272988ae205f9\windows-amd64

VM Arguments:
jvm_args: --add-opens=java.base/java.lang=ALL-UNNAMED --add-opens=java.base/java.lang.invoke=ALL-UNNAMED --add-opens=java.base/java.util=ALL-UNNAMED --add-opens=java.prefs/java.util.prefs=ALL-UNNAMED --add-exports=jdk.compiler/com.sun.tools.javac.api=ALL-UNNAMED --add-exports=jdk.compiler/com.sun.tools.javac.util=ALL-UNNAMED --add-opens=java.base/java.util=ALL-UNNAMED --add-opens=java.prefs/java.util.prefs=ALL-UNNAMED --add-opens=java.base/java.nio.charset=ALL-UNNAMED --add-opens=java.base/java.net=ALL-UNNAMED --add-opens=java.base/java.util.concurrent.atomic=ALL-UNNAMED --add-opens=java.xml/javax.xml.namespace=ALL-UNNAMED -Xmx2048m -Dfile.encoding=UTF-8 -Duser.country=US -Duser.language=en -Duser.variant -javaagent:C:\Users\ASCOM\OneDrive\Desktop\Smartphone Apps\Exercise 1 Hello World\wrapper\dists\gradle-8.11.1-bin\bpt9gzteqjrbo1mjrsomdt32c\gradle-8.11.1\lib\agents\gradle-instrumentation-agent-8.11.1.jar 
java_command: org.gradle.launcher.daemon.bootstrap.GradleDaemon 8.11.1
java_class_path (initial): C:\Users\ASCOM\OneDrive\Desktop\Smartphone Apps\Exercise 1 Hello World\wrapper\dists\gradle-8.11.1-bin\bpt9gzteqjrbo1mjrsomdt32c\gradle-8.11.1\lib\gradle-daemon-main-8.11.1.jar
Launcher Type: SUN_STANDARD

[Global flags]
     intx CICompilerCount                          = 4                                         {product} {ergonomic}
     uint ConcGCThreads                            = 3                                         {product} {ergonomic}
     uint G1ConcRefinementThreads                  = 10                                        {product} {ergonomic}
   size_t G1HeapRegionSize                         = 1048576                                   {product} {ergonomic}
    uintx GCDrainStackTargetSize                   = 64                                        {product} {ergonomic}
   size_t InitialHeapSize                          = 130023424                                 {product} {ergonomic}
   size_t MarkStackSize                            = 4194304                                   {product} {ergonomic}
   size_t MaxHeapSize                              = 2147483648                                {product} {command line}
   size_t MaxNewSize                               = 1287651328                                {product} {ergonomic}
   size_t MinHeapDeltaBytes                        = 1048576                                   {product} {ergonomic}
   size_t MinHeapSize                              = 8388608                                   {product} {ergonomic}
    uintx NonNMethodCodeHeapSize                   = 5839372                                {pd product} {ergonomic}
    uintx NonProfiledCodeHeapSize                  = 122909434                              {pd product} {ergonomic}
    uintx ProfiledCodeHeapSize                     = 122909434                              {pd product} {ergonomic}
    uintx ReservedCodeCacheSize                    = 251658240                              {pd product} {ergonomic}
     bool SegmentedCodeCache                       = true                                      {product} {ergonomic}
   size_t SoftMaxHeapSize                          = 2147483648                             {manageable} {ergonomic}
     bool UseCompressedOops                        = true                           {product lp64_product} {ergonomic}
     bool UseG1GC                                  = true                                      {product} {ergonomic}
     bool UseLargePagesIndividualAllocation        = false                                  {pd product} {ergonomic}

Logging:
Log output configuration:
 #0: stdout all=warning uptime,level,tags foldmultilines=false
 #1: stderr all=off uptime,level,tags foldmultilines=false

Environment Variables:
PATH=C:\Program Files (x86)\Common Files\Oracle\Java\javapath;C:\Windows\system32;C:\Windows;C:\Windows\System32\Wbem;C:\Windows\System32\WindowsPowerShell\v1.0\;C:\Windows\System32\OpenSSH\;C:\Program Files (x86)\NVIDIA Corporation\PhysX\Common;C:\Program Files\NVIDIA Corporation\NVIDIA NvDLISR;C:\WINDOWS\system32;C:\WINDOWS;C:\WINDOWS\System32\Wbem;C:\WINDOWS\System32\WindowsPowerShell\v1.0\;C:\WINDOWS\System32\OpenSSH\;C:\Program Files\dotnet\;C:\Program Files\nodejs\;C:\Program Files\Git\cmd;C:\Users\ASCOM\AppData\Local\Microsoft\WindowsApps;C:\Users\ASCOM\AppData\Local\Programs\Microsoft VS Code\bin;C:\Users\ASCOM\AppData\Local\GitHubDesktop\bin;C:\Users\ASCOM\AppData\Roaming\npm;C:\Users\ASCOM\AppData\Local\Programs\mongosh\;
USERNAME=ASCOM
OS=Windows_NT
PROCESSOR_IDENTIFIER=Intel64 Family 6 Model 141 Stepping 1, GenuineIntel
TMP=C:\Users\ASCOM\AppData\Local\Temp
TEMP=C:\Users\ASCOM\AppData\Local\Temp




Periodic native trim disabled

JNI global refs:
JNI global refs: 24, weak refs: 0

JNI global refs memory usage: 835, weak refs: 201

Process memory usage:
Resident Set Size: 273460K (3% of 8104800K total physical memory with 863800K free physical memory)

OOME stack traces (most recent first):
Classloader memory used:
Loader bootstrap                                                                       : 20922K
Loader org.gradle.internal.classloader.VisitableURLClassLoader                         : 20445K
Loader org.gradle.initialization.MixInLegacyTypesClassLoader                           : 4254K
Loader jdk.internal.loader.ClassLoaders$PlatformClassLoader                            : 498K
Loader jdk.internal.loader.ClassLoaders$AppClassLoader                                 : 234K

Classes loaded by more than one classloader:
Class org.gradle.internal.classloader.FilteringClassLoader                            : loaded 2 times (x 101B)
Class org.gradle.internal.classloader.ClassLoaderHierarchy                            : loaded 2 times (x 66B)
Class org.gradle.api.internal.classpath.ManifestUtil                                  : loaded 2 times (x 67B)
Class org.gradle.internal.classloader.DefaultClassLoaderFactory                       : loaded 2 times (x 78B)
Class org.gradle.internal.classloader.ClassLoaderVisitor                              : loaded 2 times (x 72B)
Class org.gradle.api.internal.classpath.EffectiveClassPath                            : loaded 2 times (x 86B)
Class org.gradle.api.internal.DefaultClassPathProvider                                : loaded 2 times (x 72B)
Class [Lorg.gradle.api.internal.ClassPathProvider;                                    : loaded 2 times (x 65B)
Class org.gradle.api.internal.ClassPathProvider                                       : loaded 2 times (x 66B)
Class org.gradle.internal.service.UnknownServiceException                             : loaded 2 times (x 79B)
Class org.gradle.internal.classpath.TransformedClassPath                              : loaded 2 times (x 92B)
Class org.gradle.internal.classloader.InstrumentingClassLoader                        : loaded 2 times (x 66B)
Class org.gradle.internal.service.ServiceLocator                                      : loaded 2 times (x 66B)
Class org.gradle.internal.InternalTransformer                                         : loaded 2 times (x 66B)
Class org.gradle.internal.classloader.ClasspathUtil$1                                 : loaded 2 times (x 72B)
Class org.gradle.api.internal.classpath.DefaultModuleRegistry$DefaultModule           : loaded 2 times (x 82B)
Class org.gradle.api.internal.classpath.Module                                        : loaded 2 times (x 66B)
Class org.gradle.api.internal.classpath.UnknownModuleException                        : loaded 2 times (x 78B)
Class org.gradle.api.internal.DefaultClassPathRegistry                                : loaded 2 times (x 72B)
Class org.gradle.api.internal.ClassPathRegistry                                       : loaded 2 times (x 66B)
Class org.gradle.internal.classpath.DefaultClassPath$ImmutableUniqueList              : loaded 2 times (x 195B)
Class org.gradle.internal.classpath.ClassPath                                         : loaded 2 times (x 66B)
Class org.gradle.api.UncheckedIOException                                             : loaded 2 times (x 78B)
Class org.gradle.internal.installation.GradleInstallation$1                           : loaded 2 times (x 71B)
Class org.gradle.api.internal.classpath.ModuleRegistry                                : loaded 2 times (x 66B)
Class org.gradle.api.internal.classpath.DefaultModuleRegistry                         : loaded 2 times (x 82B)
Class org.gradle.internal.service.ServiceLookupException                              : loaded 2 times (x 78B)
Class org.gradle.internal.classloader.ClassLoaderFactory                              : loaded 2 times (x 66B)
Class org.gradle.internal.service.CachingServiceLocator                               : loaded 2 times (x 78B)
Class org.gradle.internal.classloader.ClasspathUtil                                   : loaded 2 times (x 67B)
Class org.gradle.api.specs.Spec                                                       : loaded 2 times (x 66B)
Class org.gradle.internal.classloader.VisitableURLClassLoader$InstrumentingVisitableURLClassLoader: loaded 2 times (x 119B)
Class org.gradle.internal.classloader.VisitableURLClassLoader$Spec                    : loaded 2 times (x 70B)
Class org.gradle.internal.classpath.DefaultClassPath                                  : loaded 2 times (x 86B)
Class org.gradle.internal.classloader.ClassLoaderSpec                                 : loaded 2 times (x 67B)
Class org.gradle.internal.classloader.VisitableURLClassLoader                         : loaded 2 times (x 113B)
Class org.gradle.internal.Cast                                                        : loaded 2 times (x 67B)
Class org.gradle.api.Action                                                           : loaded 2 times (x 66B)
Class org.gradle.internal.classpath.DefaultClassPath$ImmutableUniqueList$Builder      : loaded 2 times (x 71B)
Class org.gradle.api.GradleException                                                  : loaded 2 times (x 78B)
Class org.gradle.internal.IoActions                                                   : loaded 2 times (x 67B)
Class org.gradle.internal.classloader.SystemClassLoaderSpec                           : loaded 2 times (x 67B)
Class org.gradle.api.internal.classpath.GlobalCacheRootsProvider                      : loaded 2 times (x 66B)
Class org.gradle.internal.installation.CurrentGradleInstallationLocator               : loaded 2 times (x 67B)
Class org.gradle.internal.service.DefaultServiceLocator                               : loaded 2 times (x 79B)
Class org.gradle.internal.installation.CurrentGradleInstallation                      : loaded 2 times (x 69B)
Class org.gradle.util.internal.GUtil                                                  : loaded 2 times (x 67B)
Class org.gradle.internal.installation.GradleInstallation                             : loaded 2 times (x 71B)

---------------  S Y S T E M  ---------------

OS:
 Windows 11 , 64 bit Build 26100 (10.0.26100.3912)
OS uptime: 4 days 6:02 hours
Hyper-V role detected

CPU: total 12 (initial active 12) (6 cores per cpu, 2 threads per core) family 6 model 141 stepping 1 microcode 0x34, cx8, cmov, fxsr, ht, mmx, 3dnowpref, sse, sse2, sse3, ssse3, sse4.1, sse4.2, popcnt, lzcnt, tsc, tscinvbit, avx, avx2, aes, erms, clmul, bmi1, bmi2, adx, avx512f, avx512dq, avx512cd, avx512bw, avx512vl, sha, fma, vzeroupper, avx512_vpopcntdq, avx512_vpclmulqdq, avx512_vaes, avx512_vnni, clflush, clflushopt, clwb, avx512_vbmi2, avx512_vbmi, hv, rdtscp, rdpid, fsrm, gfni, avx512_bitalg, f16c, cet_ibt, cet_ss, avx512_ifma
Processor Information for all 12 processors :
  Max Mhz: 2688, Current Mhz: 2688, Mhz Limit: 2688

Memory: 4k page, system-wide physical 7914M (841M free)
TotalPageFile size 32490M (AvailPageFile size 5M)
current process WorkingSet (physical memory assigned to process): 267M, peak: 267M
current process commit charge ("private bytes"): 445M, peak: 447M

vm_info: OpenJDK 64-Bit Server VM (21.0.5+-12932927-b750.29) for windows-amd64 JRE (21.0.5+-12932927-b750.29), built on 2025-01-17T02:01:10Z by "builder" with MS VC++ 16.10 / 16.11 (VS2019)

END.
